<?xml version="1.0" encoding="UTF-8"?>
<robot generator="Robot 5.0.1 (Python 3.11.1 on win32)" generated="20230207 20:57:26.788" rpa="false" schemaversion="3">
<suite id="s1" name="NaukriRobot" source="C:\Users\DELL\Documents\Git push\RoboFrame1-main\RoboFrame2\NaukriTest\NaukriRobot.robot">
<test id="s1-t1" name="NaukriTask" line="16">
<kw name="Login to Naukri Website" library="NaukriLoginPage">
<kw name="Open Browser" library="RPA.Browser.Selenium">
<arg>${naukriURL}</arg>
<arg>${Browser}</arg>
<doc>Opens a new browser instance to the optional ``url``.</doc>
<msg timestamp="20230207 20:57:27.384" level="INFO">Opening browser 'chrome' to base url 'https://www.naukri.com/'.</msg>
<status status="PASS" starttime="20230207 20:57:27.384" endtime="20230207 20:57:30.852"/>
</kw>
<kw name="Maximize Browser Window" library="RPA.Browser.Selenium">
<doc>Maximizes current browser window.</doc>
<status status="PASS" starttime="20230207 20:57:30.853" endtime="20230207 20:57:30.977"/>
</kw>
<kw name="Set Browser Implicit Wait" library="RPA.Browser.Selenium">
<arg>2</arg>
<doc>Sets the implicit wait value used by Selenium.</doc>
<status status="PASS" starttime="20230207 20:57:30.978" endtime="20230207 20:57:30.980"/>
</kw>
<kw name="Click Element" library="RPA.Browser.Selenium">
<arg>id:login_Layer</arg>
<doc>Click the element identified by ``locator``.</doc>
<msg timestamp="20230207 20:57:30.980" level="INFO">Clicking element 'id:login_Layer'.</msg>
<status status="PASS" starttime="20230207 20:57:30.980" endtime="20230207 20:57:31.192"/>
</kw>
<kw name="Input Text" library="RPA.Browser.Selenium">
<arg>${usr_loc}</arg>
<arg>${Usernme}</arg>
<doc>Types the given ``text`` into the text field identified by ``locator``.</doc>
<msg timestamp="20230207 20:57:31.193" level="INFO">Typing text 'Joysiril.m@gmail.com' into text field 'xpath://input[@placeholder='Enter your active Email ID / Username']'.</msg>
<status status="PASS" starttime="20230207 20:57:31.192" endtime="20230207 20:57:31.470"/>
</kw>
<kw name="Input Password" library="RPA.Browser.Selenium">
<arg>${pwd_loc}</arg>
<arg>${pwd}</arg>
<doc>Types the given password into the text field identified by ``locator``.</doc>
<msg timestamp="20230207 20:57:31.470" level="INFO">Typing password into text field 'xpath://input[@placeholder='Enter your password']'.</msg>
<msg timestamp="20230207 20:57:31.516" level="INFO">Temporally setting log level to: NONE</msg>
<msg timestamp="20230207 20:57:31.618" level="INFO">Log level changed from NONE to INFO.</msg>
<status status="PASS" starttime="20230207 20:57:31.470" endtime="20230207 20:57:31.618"/>
</kw>
<kw name="Click Button" library="RPA.Browser.Selenium">
<arg>${btn_loc}</arg>
<doc>Clicks the button identified by ``locator``.</doc>
<msg timestamp="20230207 20:57:31.619" level="INFO">Clicking button 'xpath://button[@type='submit']'.</msg>
<status status="PASS" starttime="20230207 20:57:31.618" endtime="20230207 20:57:31.691"/>
</kw>
<status status="PASS" starttime="20230207 20:57:27.384" endtime="20230207 20:57:31.691"/>
</kw>
<kw name="Check highlighting popup asked for suggestion" library="NaukriLoginPage">
<kw name="Does Page Contain Button" library="RPA.Browser.Selenium">
<var>${value}</var>
<arg>xpath://form[@name='skip']//button</arg>
<doc>Does page contain expected button</doc>
<msg timestamp="20230207 20:57:37.284" level="INFO" html="true">Ran with keyword &lt;b&gt;Page Should Contain Button&lt;/b&gt; which returned error: &lt;i&gt;Page should have contained button 'xpath://form[@name='skip']//button' but did not.&lt;/i&gt;</msg>
<msg timestamp="20230207 20:57:37.284" level="INFO">${value} = False</msg>
<status status="PASS" starttime="20230207 20:57:31.691" endtime="20230207 20:57:37.284"/>
</kw>
<kw name="Log To Console" library="BuiltIn">
<arg>${value}</arg>
<doc>Logs the given message to the console.</doc>
<status status="PASS" starttime="20230207 20:57:37.284" endtime="20230207 20:57:37.284"/>
</kw>
<if>
<branch type="IF" condition="${value}">
<kw name="Click Button" library="RPA.Browser.Selenium">
<arg>xpath://form[@name='skip']//button</arg>
<doc>Clicks the button identified by ``locator``.</doc>
<status status="NOT RUN" starttime="20230207 20:57:37.284" endtime="20230207 20:57:37.284"/>
</kw>
<status status="NOT RUN" starttime="20230207 20:57:37.284" endtime="20230207 20:57:37.284"/>
</branch>
<status status="PASS" starttime="20230207 20:57:37.284" endtime="20230207 20:57:37.285"/>
</if>
<status status="PASS" starttime="20230207 20:57:31.691" endtime="20230207 20:57:37.285"/>
</kw>
<kw name="Search required details by entering Keyword" library="NaukriSearchPage">
<kw name="Sleep" library="BuiltIn">
<arg>2</arg>
<doc>Pauses the test executed for the given time.</doc>
<msg timestamp="20230207 20:57:39.286" level="INFO">Slept 2 seconds</msg>
<status status="PASS" starttime="20230207 20:57:37.285" endtime="20230207 20:57:39.286"/>
</kw>
<kw name="Input Text" library="RPA.Browser.Selenium">
<arg>${Search_box}</arg>
<arg>${Keyword_search}</arg>
<doc>Types the given ``text`` into the text field identified by ``locator``.</doc>
<msg timestamp="20230207 20:57:39.286" level="INFO">Typing text 'Automation test engineer' into text field 'xpath://input[@name='qp']'.</msg>
<status status="PASS" starttime="20230207 20:57:39.286" endtime="20230207 20:57:39.507"/>
</kw>
<kw name="Sleep" library="BuiltIn">
<arg>1</arg>
<doc>Pauses the test executed for the given time.</doc>
<msg timestamp="20230207 20:57:40.508" level="INFO">Slept 1 second</msg>
<status status="PASS" starttime="20230207 20:57:39.507" endtime="20230207 20:57:40.508"/>
</kw>
<kw name="Double Click Element" library="RPA.Browser.Selenium">
<arg>${Searchbtn_loc}</arg>
<doc>Double clicks the element identified by ``locator``.</doc>
<msg timestamp="20230207 20:57:40.508" level="INFO">Double clicking element '//button[@type='submit']'.</msg>
<status status="PASS" starttime="20230207 20:57:40.508" endtime="20230207 20:57:40.924"/>
</kw>
<kw name="Sleep" library="BuiltIn">
<arg>1</arg>
<doc>Pauses the test executed for the given time.</doc>
<msg timestamp="20230207 20:57:41.925" level="INFO">Slept 1 second</msg>
<status status="PASS" starttime="20230207 20:57:40.924" endtime="20230207 20:57:41.925"/>
</kw>
<status status="PASS" starttime="20230207 20:57:37.285" endtime="20230207 20:57:41.925"/>
</kw>
<kw name="Get Element Count" library="RPA.Browser.Selenium">
<var>${Count}</var>
<arg>${Roles_loc}</arg>
<doc>Returns the number of elements matching ``locator``.</doc>
<msg timestamp="20230207 20:57:43.444" level="INFO">${Count} = 20</msg>
<status status="PASS" starttime="20230207 20:57:41.926" endtime="20230207 20:57:43.444"/>
</kw>
<if>
<branch type="IF" condition="${Count} &lt;= 0">
<kw name="Log" library="BuiltIn">
<arg>Locator is changed or page is not loaded properly</arg>
<doc>Logs the given message with the given level.</doc>
<status status="NOT RUN" starttime="20230207 20:57:43.444" endtime="20230207 20:57:43.444"/>
</kw>
<status status="NOT RUN" starttime="20230207 20:57:43.444" endtime="20230207 20:57:43.445"/>
</branch>
<branch type="ELSE">
<kw name="Get All Values" library="User_defined_Library">
<var>${filename}</var>
<arg>${Roles_loc}</arg>
<arg>${descrip_loc}</arg>
<arg>${company_loc}</arg>
<arg>${next_loc}</arg>
<msg timestamp="20230207 20:57:45.594" level="INFO">Executing JavaScript:
window.scrollTo(0,600)
Without any arguments.</msg>
<msg timestamp="20230207 20:57:45.713" level="INFO">Current page contains element 'xpath://a[@class='fright fs14 btn-secondary br2']//span[contains(text(),'Next')]'.</msg>
<msg timestamp="20230207 20:57:45.807" level="INFO">Clicking element 'xpath://a[@class='fright fs14 btn-secondary br2']//span[contains(text(),'Next')]'.</msg>
<msg timestamp="20230207 20:57:49.182" level="INFO">Executing JavaScript:
window.scrollTo(0,600)
Without any arguments.</msg>
<msg timestamp="20230207 20:57:49.220" level="INFO">Current page contains element 'xpath://a[@class='fright fs14 btn-secondary br2']//span[contains(text(),'Next')]'.</msg>
<msg timestamp="20230207 20:57:49.256" level="INFO">Clicking element 'xpath://a[@class='fright fs14 btn-secondary br2']//span[contains(text(),'Next')]'.</msg>
<msg timestamp="20230207 20:57:52.379" level="INFO">Executing JavaScript:
window.scrollTo(0,600)
Without any arguments.</msg>
<msg timestamp="20230207 20:57:52.408" level="INFO">Current page contains element 'xpath://a[@class='fright fs14 btn-secondary br2']//span[contains(text(),'Next')]'.</msg>
<msg timestamp="20230207 20:57:52.443" level="INFO">Clicking element 'xpath://a[@class='fright fs14 btn-secondary br2']//span[contains(text(),'Next')]'.</msg>
<msg timestamp="20230207 20:57:55.606" level="INFO">Executing JavaScript:
window.scrollTo(0,600)
Without any arguments.</msg>
<msg timestamp="20230207 20:57:55.632" level="INFO">Current page contains element 'xpath://a[@class='fright fs14 btn-secondary br2']//span[contains(text(),'Next')]'.</msg>
<msg timestamp="20230207 20:57:55.662" level="INFO">Clicking element 'xpath://a[@class='fright fs14 btn-secondary br2']//span[contains(text(),'Next')]'.</msg>
<msg timestamp="20230207 20:57:58.848" level="INFO">Executing JavaScript:
window.scrollTo(0,600)
Without any arguments.</msg>
<msg timestamp="20230207 20:57:58.882" level="INFO">Current page contains element 'xpath://a[@class='fright fs14 btn-secondary br2']//span[contains(text(),'Next')]'.</msg>
<msg timestamp="20230207 20:57:58.910" level="INFO">Clicking element 'xpath://a[@class='fright fs14 btn-secondary br2']//span[contains(text(),'Next')]'.</msg>
<msg timestamp="20230207 20:58:02.290" level="INFO">Executing JavaScript:
window.scrollTo(0,600)
Without any arguments.</msg>
<msg timestamp="20230207 20:58:02.318" level="INFO">Current page contains element 'xpath://a[@class='fright fs14 btn-secondary br2']//span[contains(text(),'Next')]'.</msg>
<msg timestamp="20230207 20:58:02.350" level="INFO">Clicking element 'xpath://a[@class='fright fs14 btn-secondary br2']//span[contains(text(),'Next')]'.</msg>
<msg timestamp="20230207 20:58:05.854" level="INFO">Executing JavaScript:
window.scrollTo(0,600)
Without any arguments.</msg>
<msg timestamp="20230207 20:58:05.880" level="INFO">Current page contains element 'xpath://a[@class='fright fs14 btn-secondary br2']//span[contains(text(),'Next')]'.</msg>
<msg timestamp="20230207 20:58:05.909" level="INFO">Clicking element 'xpath://a[@class='fright fs14 btn-secondary br2']//span[contains(text(),'Next')]'.</msg>
<msg timestamp="20230207 20:58:09.069" level="INFO">Executing JavaScript:
window.scrollTo(0,600)
Without any arguments.</msg>
<msg timestamp="20230207 20:58:09.093" level="INFO">Current page contains element 'xpath://a[@class='fright fs14 btn-secondary br2']//span[contains(text(),'Next')]'.</msg>
<msg timestamp="20230207 20:58:09.130" level="INFO">Clicking element 'xpath://a[@class='fright fs14 btn-secondary br2']//span[contains(text(),'Next')]'.</msg>
<msg timestamp="20230207 20:58:12.426" level="INFO">Executing JavaScript:
window.scrollTo(0,600)
Without any arguments.</msg>
<msg timestamp="20230207 20:58:12.461" level="INFO">Current page contains element 'xpath://a[@class='fright fs14 btn-secondary br2']//span[contains(text(),'Next')]'.</msg>
<msg timestamp="20230207 20:58:12.488" level="INFO">Clicking element 'xpath://a[@class='fright fs14 btn-secondary br2']//span[contains(text(),'Next')]'.</msg>
<msg timestamp="20230207 20:58:16.065" level="INFO">Executing JavaScript:
window.scrollTo(0,600)
Without any arguments.</msg>
<msg timestamp="20230207 20:58:16.090" level="INFO">Current page contains element 'xpath://a[@class='fright fs14 btn-secondary br2']//span[contains(text(),'Next')]'.</msg>
<msg timestamp="20230207 20:58:16.119" level="INFO">Clicking element 'xpath://a[@class='fright fs14 btn-secondary br2']//span[contains(text(),'Next')]'.</msg>
<msg timestamp="20230207 20:58:19.626" level="INFO">Executing JavaScript:
window.scrollTo(0,600)
Without any arguments.</msg>
<msg timestamp="20230207 20:58:19.644" level="INFO">Current page contains element 'xpath://a[@class='fright fs14 btn-secondary br2']//span[contains(text(),'Next')]'.</msg>
<msg timestamp="20230207 20:58:19.679" level="INFO">Clicking element 'xpath://a[@class='fright fs14 btn-secondary br2']//span[contains(text(),'Next')]'.</msg>
<msg timestamp="20230207 20:58:23.366" level="INFO">Executing JavaScript:
window.scrollTo(0,600)
Without any arguments.</msg>
<msg timestamp="20230207 20:58:23.395" level="INFO">Current page contains element 'xpath://a[@class='fright fs14 btn-secondary br2']//span[contains(text(),'Next')]'.</msg>
<msg timestamp="20230207 20:58:23.427" level="INFO">Clicking element 'xpath://a[@class='fright fs14 btn-secondary br2']//span[contains(text(),'Next')]'.</msg>
<msg timestamp="20230207 20:58:26.957" level="INFO">Executing JavaScript:
window.scrollTo(0,600)
Without any arguments.</msg>
<msg timestamp="20230207 20:58:26.993" level="INFO">Current page contains element 'xpath://a[@class='fright fs14 btn-secondary br2']//span[contains(text(),'Next')]'.</msg>
<msg timestamp="20230207 20:58:27.025" level="INFO">Clicking element 'xpath://a[@class='fright fs14 btn-secondary br2']//span[contains(text(),'Next')]'.</msg>
<msg timestamp="20230207 20:58:30.609" level="INFO">Executing JavaScript:
window.scrollTo(0,600)
Without any arguments.</msg>
<msg timestamp="20230207 20:58:30.641" level="INFO">Current page contains element 'xpath://a[@class='fright fs14 btn-secondary br2']//span[contains(text(),'Next')]'.</msg>
<msg timestamp="20230207 20:58:30.670" level="INFO">Clicking element 'xpath://a[@class='fright fs14 btn-secondary br2']//span[contains(text(),'Next')]'.</msg>
<msg timestamp="20230207 20:58:34.344" level="INFO">Executing JavaScript:
window.scrollTo(0,600)
Without any arguments.</msg>
<msg timestamp="20230207 20:58:34.372" level="INFO">Current page contains element 'xpath://a[@class='fright fs14 btn-secondary br2']//span[contains(text(),'Next')]'.</msg>
<msg timestamp="20230207 20:58:34.406" level="INFO">Clicking element 'xpath://a[@class='fright fs14 btn-secondary br2']//span[contains(text(),'Next')]'.</msg>
<msg timestamp="20230207 20:58:38.080" level="INFO">Executing JavaScript:
window.scrollTo(0,600)
Without any arguments.</msg>
<msg timestamp="20230207 20:58:38.108" level="INFO">Current page contains element 'xpath://a[@class='fright fs14 btn-secondary br2']//span[contains(text(),'Next')]'.</msg>
<msg timestamp="20230207 20:58:38.143" level="INFO">Clicking element 'xpath://a[@class='fright fs14 btn-secondary br2']//span[contains(text(),'Next')]'.</msg>
<msg timestamp="20230207 20:58:41.988" level="INFO">Executing JavaScript:
window.scrollTo(0,600)
Without any arguments.</msg>
<msg timestamp="20230207 20:58:42.014" level="INFO">Current page contains element 'xpath://a[@class='fright fs14 btn-secondary br2']//span[contains(text(),'Next')]'.</msg>
<msg timestamp="20230207 20:58:42.042" level="INFO">Clicking element 'xpath://a[@class='fright fs14 btn-secondary br2']//span[contains(text(),'Next')]'.</msg>
<msg timestamp="20230207 20:58:46.131" level="INFO">Executing JavaScript:
window.scrollTo(0,600)
Without any arguments.</msg>
<msg timestamp="20230207 20:58:46.164" level="INFO">Current page contains element 'xpath://a[@class='fright fs14 btn-secondary br2']//span[contains(text(),'Next')]'.</msg>
<msg timestamp="20230207 20:58:46.197" level="INFO">Clicking element 'xpath://a[@class='fright fs14 btn-secondary br2']//span[contains(text(),'Next')]'.</msg>
<msg timestamp="20230207 20:58:50.459" level="INFO">Executing JavaScript:
window.scrollTo(0,600)
Without any arguments.</msg>
<msg timestamp="20230207 20:58:50.483" level="INFO">Current page contains element 'xpath://a[@class='fright fs14 btn-secondary br2']//span[contains(text(),'Next')]'.</msg>
<msg timestamp="20230207 20:58:50.515" level="INFO">Clicking element 'xpath://a[@class='fright fs14 btn-secondary br2']//span[contains(text(),'Next')]'.</msg>
<msg timestamp="20230207 20:58:54.665" level="INFO">Executing JavaScript:
window.scrollTo(0,600)
Without any arguments.</msg>
<msg timestamp="20230207 20:58:54.695" level="INFO">Current page contains element 'xpath://a[@class='fright fs14 btn-secondary br2']//span[contains(text(),'Next')]'.</msg>
<msg timestamp="20230207 20:58:54.727" level="INFO">Clicking element 'xpath://a[@class='fright fs14 btn-secondary br2']//span[contains(text(),'Next')]'.</msg>
<msg timestamp="20230207 20:58:58.834" level="INFO">Executing JavaScript:
window.scrollTo(0,600)
Without any arguments.</msg>
<msg timestamp="20230207 20:58:58.862" level="INFO">Current page contains element 'xpath://a[@class='fright fs14 btn-secondary br2']//span[contains(text(),'Next')]'.</msg>
<msg timestamp="20230207 20:58:58.895" level="INFO">Clicking element 'xpath://a[@class='fright fs14 btn-secondary br2']//span[contains(text(),'Next')]'.</msg>
<msg timestamp="20230207 20:59:03.523" level="INFO">Executing JavaScript:
window.scrollTo(0,600)
Without any arguments.</msg>
<msg timestamp="20230207 20:59:03.565" level="INFO">Current page contains element 'xpath://a[@class='fright fs14 btn-secondary br2']//span[contains(text(),'Next')]'.</msg>
<msg timestamp="20230207 20:59:03.599" level="INFO">Clicking element 'xpath://a[@class='fright fs14 btn-secondary br2']//span[contains(text(),'Next')]'.</msg>
<msg timestamp="20230207 20:59:08.221" level="INFO">Executing JavaScript:
window.scrollTo(0,600)
Without any arguments.</msg>
<msg timestamp="20230207 20:59:08.253" level="INFO">Current page contains element 'xpath://a[@class='fright fs14 btn-secondary br2']//span[contains(text(),'Next')]'.</msg>
<msg timestamp="20230207 20:59:08.287" level="INFO">Clicking element 'xpath://a[@class='fright fs14 btn-secondary br2']//span[contains(text(),'Next')]'.</msg>
<msg timestamp="20230207 20:59:12.850" level="INFO">Executing JavaScript:
window.scrollTo(0,600)
Without any arguments.</msg>
<msg timestamp="20230207 20:59:12.884" level="INFO">Current page contains element 'xpath://a[@class='fright fs14 btn-secondary br2']//span[contains(text(),'Next')]'.</msg>
<msg timestamp="20230207 20:59:12.917" level="INFO">Clicking element 'xpath://a[@class='fright fs14 btn-secondary br2']//span[contains(text(),'Next')]'.</msg>
<msg timestamp="20230207 20:59:17.425" level="INFO">Executing JavaScript:
window.scrollTo(0,600)
Without any arguments.</msg>
<msg timestamp="20230207 20:59:17.453" level="INFO">Current page contains element 'xpath://a[@class='fright fs14 btn-secondary br2']//span[contains(text(),'Next')]'.</msg>
<msg timestamp="20230207 20:59:17.487" level="INFO">Clicking element 'xpath://a[@class='fright fs14 btn-secondary br2']//span[contains(text(),'Next')]'.</msg>
<msg timestamp="20230207 20:59:22.036" level="INFO">Executing JavaScript:
window.scrollTo(0,600)
Without any arguments.</msg>
<msg timestamp="20230207 20:59:22.063" level="INFO">Current page contains element 'xpath://a[@class='fright fs14 btn-secondary br2']//span[contains(text(),'Next')]'.</msg>
<msg timestamp="20230207 20:59:22.098" level="INFO">Clicking element 'xpath://a[@class='fright fs14 btn-secondary br2']//span[contains(text(),'Next')]'.</msg>
<msg timestamp="20230207 20:59:26.738" level="INFO">Executing JavaScript:
window.scrollTo(0,600)
Without any arguments.</msg>
<msg timestamp="20230207 20:59:26.755" level="INFO">Current page contains element 'xpath://a[@class='fright fs14 btn-secondary br2']//span[contains(text(),'Next')]'.</msg>
<msg timestamp="20230207 20:59:26.812" level="INFO">Clicking element 'xpath://a[@class='fright fs14 btn-secondary br2']//span[contains(text(),'Next')]'.</msg>
<msg timestamp="20230207 20:59:32.581" level="INFO">Executing JavaScript:
window.scrollTo(0,600)
Without any arguments.</msg>
<msg timestamp="20230207 20:59:32.597" level="INFO">Current page contains element 'xpath://a[@class='fright fs14 btn-secondary br2']//span[contains(text(),'Next')]'.</msg>
<msg timestamp="20230207 20:59:32.612" level="INFO">Clicking element 'xpath://a[@class='fright fs14 btn-secondary br2']//span[contains(text(),'Next')]'.</msg>
<msg timestamp="20230207 20:59:36.637" level="INFO">Executing JavaScript:
window.scrollTo(0,600)
Without any arguments.</msg>
<msg timestamp="20230207 20:59:36.686" level="INFO">Current page contains element 'xpath://a[@class='fright fs14 btn-secondary br2']//span[contains(text(),'Next')]'.</msg>
<msg timestamp="20230207 20:59:36.731" level="INFO">Clicking element 'xpath://a[@class='fright fs14 btn-secondary br2']//span[contains(text(),'Next')]'.</msg>
<msg timestamp="20230207 20:59:40.919" level="INFO">Executing JavaScript:
window.scrollTo(0,600)
Without any arguments.</msg>
<msg timestamp="20230207 20:59:40.934" level="INFO">Current page contains element 'xpath://a[@class='fright fs14 btn-secondary br2']//span[contains(text(),'Next')]'.</msg>
<msg timestamp="20230207 20:59:40.950" level="INFO">Clicking element 'xpath://a[@class='fright fs14 btn-secondary br2']//span[contains(text(),'Next')]'.</msg>
<msg timestamp="20230207 20:59:44.341" level="INFO">Executing JavaScript:
window.scrollTo(0,600)
Without any arguments.</msg>
<msg timestamp="20230207 20:59:44.341" level="INFO">Current page contains element 'xpath://a[@class='fright fs14 btn-secondary br2']//span[contains(text(),'Next')]'.</msg>
<msg timestamp="20230207 20:59:44.372" level="INFO">Clicking element 'xpath://a[@class='fright fs14 btn-secondary br2']//span[contains(text(),'Next')]'.</msg>
<msg timestamp="20230207 20:59:47.512" level="INFO">Executing JavaScript:
window.scrollTo(0,600)
Without any arguments.</msg>
<msg timestamp="20230207 20:59:47.518" level="INFO">Current page contains element 'xpath://a[@class='fright fs14 btn-secondary br2']//span[contains(text(),'Next')]'.</msg>
<msg timestamp="20230207 20:59:47.544" level="INFO">Clicking element 'xpath://a[@class='fright fs14 btn-secondary br2']//span[contains(text(),'Next')]'.</msg>
<msg timestamp="20230207 20:59:51.137" level="INFO">Executing JavaScript:
window.scrollTo(0,600)
Without any arguments.</msg>
<msg timestamp="20230207 20:59:51.152" level="INFO">Current page contains element 'xpath://a[@class='fright fs14 btn-secondary br2']//span[contains(text(),'Next')]'.</msg>
<msg timestamp="20230207 20:59:51.184" level="INFO">Clicking element 'xpath://a[@class='fright fs14 btn-secondary br2']//span[contains(text(),'Next')]'.</msg>
<msg timestamp="20230207 20:59:54.354" level="INFO">Executing JavaScript:
window.scrollTo(0,600)
Without any arguments.</msg>
<msg timestamp="20230207 20:59:54.370" level="INFO">Current page contains element 'xpath://a[@class='fright fs14 btn-secondary br2']//span[contains(text(),'Next')]'.</msg>
<msg timestamp="20230207 20:59:54.401" level="INFO">Clicking element 'xpath://a[@class='fright fs14 btn-secondary br2']//span[contains(text(),'Next')]'.</msg>
<msg timestamp="20230207 20:59:57.479" level="INFO">Executing JavaScript:
window.scrollTo(0,600)
Without any arguments.</msg>
<msg timestamp="20230207 20:59:57.495" level="INFO">Current page contains element 'xpath://a[@class='fright fs14 btn-secondary br2']//span[contains(text(),'Next')]'.</msg>
<msg timestamp="20230207 20:59:57.510" level="INFO">Clicking element 'xpath://a[@class='fright fs14 btn-secondary br2']//span[contains(text(),'Next')]'.</msg>
<msg timestamp="20230207 21:00:00.842" level="INFO">Executing JavaScript:
window.scrollTo(0,600)
Without any arguments.</msg>
<msg timestamp="20230207 21:00:00.855" level="INFO">Current page contains element 'xpath://a[@class='fright fs14 btn-secondary br2']//span[contains(text(),'Next')]'.</msg>
<msg timestamp="20230207 21:00:00.887" level="INFO">Clicking element 'xpath://a[@class='fright fs14 btn-secondary br2']//span[contains(text(),'Next')]'.</msg>
<msg timestamp="20230207 21:00:03.935" level="INFO">Executing JavaScript:
window.scrollTo(0,600)
Without any arguments.</msg>
<msg timestamp="20230207 21:00:03.935" level="INFO">Current page contains element 'xpath://a[@class='fright fs14 btn-secondary br2']//span[contains(text(),'Next')]'.</msg>
<msg timestamp="20230207 21:00:03.966" level="INFO">Clicking element 'xpath://a[@class='fright fs14 btn-secondary br2']//span[contains(text(),'Next')]'.</msg>
<msg timestamp="20230207 21:00:07.061" level="INFO">Executing JavaScript:
window.scrollTo(0,600)
Without any arguments.</msg>
<msg timestamp="20230207 21:00:07.077" level="INFO">Current page contains element 'xpath://a[@class='fright fs14 btn-secondary br2']//span[contains(text(),'Next')]'.</msg>
<msg timestamp="20230207 21:00:07.093" level="INFO">Clicking element 'xpath://a[@class='fright fs14 btn-secondary br2']//span[contains(text(),'Next')]'.</msg>
<msg timestamp="20230207 21:00:10.045" level="INFO">Executing JavaScript:
window.scrollTo(0,600)
Without any arguments.</msg>
<msg timestamp="20230207 21:00:10.064" level="INFO">Current page contains element 'xpath://a[@class='fright fs14 btn-secondary br2']//span[contains(text(),'Next')]'.</msg>
<msg timestamp="20230207 21:00:10.092" level="INFO">Clicking element 'xpath://a[@class='fright fs14 btn-secondary br2']//span[contains(text(),'Next')]'.</msg>
<msg timestamp="20230207 21:00:13.374" level="INFO">Executing JavaScript:
window.scrollTo(0,600)
Without any arguments.</msg>
<msg timestamp="20230207 21:00:13.390" level="INFO">Current page contains element 'xpath://a[@class='fright fs14 btn-secondary br2']//span[contains(text(),'Next')]'.</msg>
<msg timestamp="20230207 21:00:13.405" level="INFO">Clicking element 'xpath://a[@class='fright fs14 btn-secondary br2']//span[contains(text(),'Next')]'.</msg>
<msg timestamp="20230207 21:00:16.623" level="INFO">Executing JavaScript:
window.scrollTo(0,600)
Without any arguments.</msg>
<msg timestamp="20230207 21:00:16.623" level="INFO">Current page contains element 'xpath://a[@class='fright fs14 btn-secondary br2']//span[contains(text(),'Next')]'.</msg>
<msg timestamp="20230207 21:00:16.654" level="INFO">Clicking element 'xpath://a[@class='fright fs14 btn-secondary br2']//span[contains(text(),'Next')]'.</msg>
<msg timestamp="20230207 21:00:19.907" level="INFO">Executing JavaScript:
window.scrollTo(0,600)
Without any arguments.</msg>
<msg timestamp="20230207 21:00:19.922" level="INFO">Current page contains element 'xpath://a[@class='fright fs14 btn-secondary br2']//span[contains(text(),'Next')]'.</msg>
<msg timestamp="20230207 21:00:19.953" level="INFO">Clicking element 'xpath://a[@class='fright fs14 btn-secondary br2']//span[contains(text(),'Next')]'.</msg>
<msg timestamp="20230207 21:00:23.206" level="INFO">Executing JavaScript:
window.scrollTo(0,600)
Without any arguments.</msg>
<msg timestamp="20230207 21:00:23.221" level="INFO">Current page contains element 'xpath://a[@class='fright fs14 btn-secondary br2']//span[contains(text(),'Next')]'.</msg>
<msg timestamp="20230207 21:00:23.237" level="INFO">Clicking element 'xpath://a[@class='fright fs14 btn-secondary br2']//span[contains(text(),'Next')]'.</msg>
<msg timestamp="20230207 21:00:26.398" level="INFO">Executing JavaScript:
window.scrollTo(0,600)
Without any arguments.</msg>
<msg timestamp="20230207 21:00:26.410" level="INFO">Current page contains element 'xpath://a[@class='fright fs14 btn-secondary br2']//span[contains(text(),'Next')]'.</msg>
<msg timestamp="20230207 21:00:26.425" level="INFO">Clicking element 'xpath://a[@class='fright fs14 btn-secondary br2']//span[contains(text(),'Next')]'.</msg>
<msg timestamp="20230207 21:00:29.316" level="INFO">Executing JavaScript:
window.scrollTo(0,600)
Without any arguments.</msg>
<msg timestamp="20230207 21:00:29.332" level="INFO">Current page contains element 'xpath://a[@class='fright fs14 btn-secondary br2']//span[contains(text(),'Next')]'.</msg>
<msg timestamp="20230207 21:00:29.363" level="INFO">Clicking element 'xpath://a[@class='fright fs14 btn-secondary br2']//span[contains(text(),'Next')]'.</msg>
<msg timestamp="20230207 21:00:32.363" level="INFO">Executing JavaScript:
window.scrollTo(0,600)
Without any arguments.</msg>
<msg timestamp="20230207 21:00:32.379" level="INFO">Current page contains element 'xpath://a[@class='fright fs14 btn-secondary br2']//span[contains(text(),'Next')]'.</msg>
<msg timestamp="20230207 21:00:32.410" level="INFO">Clicking element 'xpath://a[@class='fright fs14 btn-secondary br2']//span[contains(text(),'Next')]'.</msg>
<msg timestamp="20230207 21:00:35.616" level="INFO">Executing JavaScript:
window.scrollTo(0,600)
Without any arguments.</msg>
<msg timestamp="20230207 21:00:35.631" level="INFO">Current page contains element 'xpath://a[@class='fright fs14 btn-secondary br2']//span[contains(text(),'Next')]'.</msg>
<msg timestamp="20230207 21:00:35.662" level="INFO">Clicking element 'xpath://a[@class='fright fs14 btn-secondary br2']//span[contains(text(),'Next')]'.</msg>
<msg timestamp="20230207 21:00:38.977" level="INFO">Executing JavaScript:
window.scrollTo(0,600)
Without any arguments.</msg>
<msg timestamp="20230207 21:00:38.992" level="INFO">Current page contains element 'xpath://a[@class='fright fs14 btn-secondary br2']//span[contains(text(),'Next')]'.</msg>
<msg timestamp="20230207 21:00:39.008" level="INFO">Clicking element 'xpath://a[@class='fright fs14 btn-secondary br2']//span[contains(text(),'Next')]'.</msg>
<msg timestamp="20230207 21:00:42.480" level="INFO">Executing JavaScript:
window.scrollTo(0,600)
Without any arguments.</msg>
<msg timestamp="20230207 21:00:42.495" level="INFO">Current page contains element 'xpath://a[@class='fright fs14 btn-secondary br2']//span[contains(text(),'Next')]'.</msg>
<msg timestamp="20230207 21:00:42.526" level="INFO">Clicking element 'xpath://a[@class='fright fs14 btn-secondary br2']//span[contains(text(),'Next')]'.</msg>
<msg timestamp="20230207 21:00:45.889" level="INFO">Executing JavaScript:
window.scrollTo(0,600)
Without any arguments.</msg>
<msg timestamp="20230207 21:00:45.905" level="INFO">Current page contains element 'xpath://a[@class='fright fs14 btn-secondary br2']//span[contains(text(),'Next')]'.</msg>
<msg timestamp="20230207 21:00:45.920" level="INFO">Clicking element 'xpath://a[@class='fright fs14 btn-secondary br2']//span[contains(text(),'Next')]'.</msg>
<msg timestamp="20230207 21:00:48.920" level="INFO">Executing JavaScript:
window.scrollTo(0,600)
Without any arguments.</msg>
<msg timestamp="20230207 21:00:48.920" level="INFO">Current page contains element 'xpath://a[@class='fright fs14 btn-secondary br2']//span[contains(text(),'Next')]'.</msg>
<msg timestamp="20230207 21:00:48.952" level="INFO">Clicking element 'xpath://a[@class='fright fs14 btn-secondary br2']//span[contains(text(),'Next')]'.</msg>
<msg timestamp="20230207 21:00:52.265" level="INFO">Executing JavaScript:
window.scrollTo(0,600)
Without any arguments.</msg>
<msg timestamp="20230207 21:00:52.280" level="INFO">Current page contains element 'xpath://a[@class='fright fs14 btn-secondary br2']//span[contains(text(),'Next')]'.</msg>
<msg timestamp="20230207 21:00:52.312" level="INFO">Clicking element 'xpath://a[@class='fright fs14 btn-secondary br2']//span[contains(text(),'Next')]'.</msg>
<msg timestamp="20230207 21:00:55.391" level="INFO">Executing JavaScript:
window.scrollTo(0,600)
Without any arguments.</msg>
<msg timestamp="20230207 21:00:55.406" level="INFO">Current page contains element 'xpath://a[@class='fright fs14 btn-secondary br2']//span[contains(text(),'Next')]'.</msg>
<msg timestamp="20230207 21:00:55.437" level="INFO">Clicking element 'xpath://a[@class='fright fs14 btn-secondary br2']//span[contains(text(),'Next')]'.</msg>
<msg timestamp="20230207 21:00:58.735" level="INFO">Executing JavaScript:
window.scrollTo(0,600)
Without any arguments.</msg>
<msg timestamp="20230207 21:00:58.760" level="INFO">Current page contains element 'xpath://a[@class='fright fs14 btn-secondary br2']//span[contains(text(),'Next')]'.</msg>
<msg timestamp="20230207 21:00:58.782" level="INFO">Clicking element 'xpath://a[@class='fright fs14 btn-secondary br2']//span[contains(text(),'Next')]'.</msg>
<msg timestamp="20230207 21:01:02.364" level="INFO">Executing JavaScript:
window.scrollTo(0,600)
Without any arguments.</msg>
<msg timestamp="20230207 21:01:02.366" level="INFO">Current page contains element 'xpath://a[@class='fright fs14 btn-secondary br2']//span[contains(text(),'Next')]'.</msg>
<msg timestamp="20230207 21:01:02.411" level="INFO">Clicking element 'xpath://a[@class='fright fs14 btn-secondary br2']//span[contains(text(),'Next')]'.</msg>
<msg timestamp="20230207 21:01:05.555" level="INFO">Executing JavaScript:
window.scrollTo(0,600)
Without any arguments.</msg>
<msg timestamp="20230207 21:01:05.573" level="INFO">Current page contains element 'xpath://a[@class='fright fs14 btn-secondary br2']//span[contains(text(),'Next')]'.</msg>
<msg timestamp="20230207 21:01:05.603" level="INFO">Clicking element 'xpath://a[@class='fright fs14 btn-secondary br2']//span[contains(text(),'Next')]'.</msg>
<msg timestamp="20230207 21:01:09.010" level="INFO">Executing JavaScript:
window.scrollTo(0,600)
Without any arguments.</msg>
<msg timestamp="20230207 21:01:09.026" level="INFO">Current page contains element 'xpath://a[@class='fright fs14 btn-secondary br2']//span[contains(text(),'Next')]'.</msg>
<msg timestamp="20230207 21:01:09.058" level="INFO">Clicking element 'xpath://a[@class='fright fs14 btn-secondary br2']//span[contains(text(),'Next')]'.</msg>
<msg timestamp="20230207 21:01:12.511" level="INFO">Executing JavaScript:
window.scrollTo(0,600)
Without any arguments.</msg>
<msg timestamp="20230207 21:01:12.527" level="INFO">Current page contains element 'xpath://a[@class='fright fs14 btn-secondary br2']//span[contains(text(),'Next')]'.</msg>
<msg timestamp="20230207 21:01:12.542" level="INFO">Clicking element 'xpath://a[@class='fright fs14 btn-secondary br2']//span[contains(text(),'Next')]'.</msg>
<msg timestamp="20230207 21:01:15.823" level="INFO">Executing JavaScript:
window.scrollTo(0,600)
Without any arguments.</msg>
<msg timestamp="20230207 21:01:15.838" level="INFO">Current page contains element 'xpath://a[@class='fright fs14 btn-secondary br2']//span[contains(text(),'Next')]'.</msg>
<msg timestamp="20230207 21:01:15.869" level="INFO">Clicking element 'xpath://a[@class='fright fs14 btn-secondary br2']//span[contains(text(),'Next')]'.</msg>
<msg timestamp="20230207 21:01:19.293" level="INFO">Executing JavaScript:
window.scrollTo(0,600)
Without any arguments.</msg>
<msg timestamp="20230207 21:01:19.309" level="INFO">Current page contains element 'xpath://a[@class='fright fs14 btn-secondary br2']//span[contains(text(),'Next')]'.</msg>
<msg timestamp="20230207 21:01:19.325" level="INFO">Clicking element 'xpath://a[@class='fright fs14 btn-secondary br2']//span[contains(text(),'Next')]'.</msg>
<msg timestamp="20230207 21:01:22.920" level="INFO">Executing JavaScript:
window.scrollTo(0,600)
Without any arguments.</msg>
<msg timestamp="20230207 21:01:22.920" level="INFO">Current page contains element 'xpath://a[@class='fright fs14 btn-secondary br2']//span[contains(text(),'Next')]'.</msg>
<msg timestamp="20230207 21:01:22.952" level="INFO">Clicking element 'xpath://a[@class='fright fs14 btn-secondary br2']//span[contains(text(),'Next')]'.</msg>
<msg timestamp="20230207 21:01:26.377" level="INFO">Executing JavaScript:
window.scrollTo(0,600)
Without any arguments.</msg>
<msg timestamp="20230207 21:01:26.392" level="INFO">Current page contains element 'xpath://a[@class='fright fs14 btn-secondary br2']//span[contains(text(),'Next')]'.</msg>
<msg timestamp="20230207 21:01:26.424" level="INFO">Clicking element 'xpath://a[@class='fright fs14 btn-secondary br2']//span[contains(text(),'Next')]'.</msg>
<msg timestamp="20230207 21:01:30.161" level="INFO">Executing JavaScript:
window.scrollTo(0,600)
Without any arguments.</msg>
<msg timestamp="20230207 21:01:30.177" level="INFO">Current page contains element 'xpath://a[@class='fright fs14 btn-secondary br2']//span[contains(text(),'Next')]'.</msg>
<msg timestamp="20230207 21:01:30.208" level="INFO">Clicking element 'xpath://a[@class='fright fs14 btn-secondary br2']//span[contains(text(),'Next')]'.</msg>
<msg timestamp="20230207 21:01:33.633" level="INFO">Executing JavaScript:
window.scrollTo(0,600)
Without any arguments.</msg>
<msg timestamp="20230207 21:01:33.648" level="INFO">Current page contains element 'xpath://a[@class='fright fs14 btn-secondary br2']//span[contains(text(),'Next')]'.</msg>
<msg timestamp="20230207 21:01:33.679" level="INFO">Clicking element 'xpath://a[@class='fright fs14 btn-secondary br2']//span[contains(text(),'Next')]'.</msg>
<msg timestamp="20230207 21:01:36.993" level="INFO">Executing JavaScript:
window.scrollTo(0,600)
Without any arguments.</msg>
<msg timestamp="20230207 21:01:37.009" level="INFO">Current page contains element 'xpath://a[@class='fright fs14 btn-secondary br2']//span[contains(text(),'Next')]'.</msg>
<msg timestamp="20230207 21:01:37.034" level="INFO">Clicking element 'xpath://a[@class='fright fs14 btn-secondary br2']//span[contains(text(),'Next')]'.</msg>
<msg timestamp="20230207 21:01:40.590" level="INFO">Executing JavaScript:
window.scrollTo(0,600)
Without any arguments.</msg>
<msg timestamp="20230207 21:01:40.606" level="INFO">Current page contains element 'xpath://a[@class='fright fs14 btn-secondary br2']//span[contains(text(),'Next')]'.</msg>
<msg timestamp="20230207 21:01:40.621" level="INFO">Clicking element 'xpath://a[@class='fright fs14 btn-secondary br2']//span[contains(text(),'Next')]'.</msg>
<msg timestamp="20230207 21:01:43.919" level="INFO">Executing JavaScript:
window.scrollTo(0,600)
Without any arguments.</msg>
<msg timestamp="20230207 21:01:43.935" level="INFO">Current page contains element 'xpath://a[@class='fright fs14 btn-secondary br2']//span[contains(text(),'Next')]'.</msg>
<msg timestamp="20230207 21:01:43.967" level="INFO">Clicking element 'xpath://a[@class='fright fs14 btn-secondary br2']//span[contains(text(),'Next')]'.</msg>
<msg timestamp="20230207 21:01:47.313" level="INFO">Executing JavaScript:
window.scrollTo(0,600)
Without any arguments.</msg>
<msg timestamp="20230207 21:01:47.328" level="INFO">Current page contains element 'xpath://a[@class='fright fs14 btn-secondary br2']//span[contains(text(),'Next')]'.</msg>
<msg timestamp="20230207 21:01:47.353" level="INFO">Clicking element 'xpath://a[@class='fright fs14 btn-secondary br2']//span[contains(text(),'Next')]'.</msg>
<msg timestamp="20230207 21:01:50.580" level="INFO">Executing JavaScript:
window.scrollTo(0,600)
Without any arguments.</msg>
<msg timestamp="20230207 21:01:50.595" level="INFO">Current page contains element 'xpath://a[@class='fright fs14 btn-secondary br2']//span[contains(text(),'Next')]'.</msg>
<msg timestamp="20230207 21:01:50.627" level="INFO">Clicking element 'xpath://a[@class='fright fs14 btn-secondary br2']//span[contains(text(),'Next')]'.</msg>
<msg timestamp="20230207 21:01:53.972" level="INFO">Executing JavaScript:
window.scrollTo(0,600)
Without any arguments.</msg>
<msg timestamp="20230207 21:01:53.988" level="INFO">Current page contains element 'xpath://a[@class='fright fs14 btn-secondary br2']//span[contains(text(),'Next')]'.</msg>
<msg timestamp="20230207 21:01:54.019" level="INFO">Clicking element 'xpath://a[@class='fright fs14 btn-secondary br2']//span[contains(text(),'Next')]'.</msg>
<msg timestamp="20230207 21:01:57.175" level="INFO">Executing JavaScript:
window.scrollTo(0,600)
Without any arguments.</msg>
<msg timestamp="20230207 21:01:57.190" level="INFO">Current page contains element 'xpath://a[@class='fright fs14 btn-secondary br2']//span[contains(text(),'Next')]'.</msg>
<msg timestamp="20230207 21:01:57.221" level="INFO">Clicking element 'xpath://a[@class='fright fs14 btn-secondary br2']//span[contains(text(),'Next')]'.</msg>
<msg timestamp="20230207 21:02:00.740" level="INFO">Executing JavaScript:
window.scrollTo(0,600)
Without any arguments.</msg>
<msg timestamp="20230207 21:02:00.756" level="INFO">Current page contains element 'xpath://a[@class='fright fs14 btn-secondary br2']//span[contains(text(),'Next')]'.</msg>
<msg timestamp="20230207 21:02:00.787" level="INFO">Clicking element 'xpath://a[@class='fright fs14 btn-secondary br2']//span[contains(text(),'Next')]'.</msg>
<msg timestamp="20230207 21:02:04.636" level="INFO">Executing JavaScript:
window.scrollTo(0,600)
Without any arguments.</msg>
<msg timestamp="20230207 21:02:04.652" level="INFO">Current page contains element 'xpath://a[@class='fright fs14 btn-secondary br2']//span[contains(text(),'Next')]'.</msg>
<msg timestamp="20230207 21:02:04.667" level="INFO">Clicking element 'xpath://a[@class='fright fs14 btn-secondary br2']//span[contains(text(),'Next')]'.</msg>
<msg timestamp="20230207 21:02:08.218" level="INFO">Executing JavaScript:
window.scrollTo(0,600)
Without any arguments.</msg>
<msg timestamp="20230207 21:02:08.234" level="INFO">Current page contains element 'xpath://a[@class='fright fs14 btn-secondary br2']//span[contains(text(),'Next')]'.</msg>
<msg timestamp="20230207 21:02:08.265" level="INFO">Clicking element 'xpath://a[@class='fright fs14 btn-secondary br2']//span[contains(text(),'Next')]'.</msg>
<msg timestamp="20230207 21:02:11.943" level="INFO">Executing JavaScript:
window.scrollTo(0,600)
Without any arguments.</msg>
<msg timestamp="20230207 21:02:11.959" level="INFO">Current page contains element 'xpath://a[@class='fright fs14 btn-secondary br2']//span[contains(text(),'Next')]'.</msg>
<msg timestamp="20230207 21:02:11.990" level="INFO">Clicking element 'xpath://a[@class='fright fs14 btn-secondary br2']//span[contains(text(),'Next')]'.</msg>
<msg timestamp="20230207 21:02:15.570" level="INFO">Executing JavaScript:
window.scrollTo(0,600)
Without any arguments.</msg>
<msg timestamp="20230207 21:02:15.585" level="INFO">Current page contains element 'xpath://a[@class='fright fs14 btn-secondary br2']//span[contains(text(),'Next')]'.</msg>
<msg timestamp="20230207 21:02:15.606" level="INFO">Clicking element 'xpath://a[@class='fright fs14 btn-secondary br2']//span[contains(text(),'Next')]'.</msg>
<msg timestamp="20230207 21:02:19.322" level="INFO">Executing JavaScript:
window.scrollTo(0,600)
Without any arguments.</msg>
<msg timestamp="20230207 21:02:19.338" level="INFO">Current page contains element 'xpath://a[@class='fright fs14 btn-secondary br2']//span[contains(text(),'Next')]'.</msg>
<msg timestamp="20230207 21:02:19.354" level="INFO">Clicking element 'xpath://a[@class='fright fs14 btn-secondary br2']//span[contains(text(),'Next')]'.</msg>
<msg timestamp="20230207 21:02:22.871" level="INFO">Executing JavaScript:
window.scrollTo(0,600)
Without any arguments.</msg>
<msg timestamp="20230207 21:02:22.871" level="INFO">Current page contains element 'xpath://a[@class='fright fs14 btn-secondary br2']//span[contains(text(),'Next')]'.</msg>
<msg timestamp="20230207 21:02:22.902" level="INFO">Clicking element 'xpath://a[@class='fright fs14 btn-secondary br2']//span[contains(text(),'Next')]'.</msg>
<msg timestamp="20230207 21:02:26.453" level="INFO">Executing JavaScript:
window.scrollTo(0,600)
Without any arguments.</msg>
<msg timestamp="20230207 21:02:26.469" level="INFO">Current page contains element 'xpath://a[@class='fright fs14 btn-secondary br2']//span[contains(text(),'Next')]'.</msg>
<msg timestamp="20230207 21:02:26.485" level="INFO">Clicking element 'xpath://a[@class='fright fs14 btn-secondary br2']//span[contains(text(),'Next')]'.</msg>
<msg timestamp="20230207 21:02:29.815" level="INFO">Executing JavaScript:
window.scrollTo(0,600)
Without any arguments.</msg>
<msg timestamp="20230207 21:02:29.838" level="INFO">Current page contains element 'xpath://a[@class='fright fs14 btn-secondary br2']//span[contains(text(),'Next')]'.</msg>
<msg timestamp="20230207 21:02:29.862" level="INFO">Clicking element 'xpath://a[@class='fright fs14 btn-secondary br2']//span[contains(text(),'Next')]'.</msg>
<msg timestamp="20230207 21:02:33.554" level="INFO">Executing JavaScript:
window.scrollTo(0,600)
Without any arguments.</msg>
<msg timestamp="20230207 21:02:33.569" level="INFO">Current page contains element 'xpath://a[@class='fright fs14 btn-secondary br2']//span[contains(text(),'Next')]'.</msg>
<msg timestamp="20230207 21:02:33.600" level="INFO">Clicking element 'xpath://a[@class='fright fs14 btn-secondary br2']//span[contains(text(),'Next')]'.</msg>
<msg timestamp="20230207 21:02:36.868" level="INFO">Executing JavaScript:
window.scrollTo(0,600)
Without any arguments.</msg>
<msg timestamp="20230207 21:02:36.884" level="INFO">Current page contains element 'xpath://a[@class='fright fs14 btn-secondary br2']//span[contains(text(),'Next')]'.</msg>
<msg timestamp="20230207 21:02:36.915" level="INFO">Clicking element 'xpath://a[@class='fright fs14 btn-secondary br2']//span[contains(text(),'Next')]'.</msg>
<msg timestamp="20230207 21:02:40.542" level="INFO">Executing JavaScript:
window.scrollTo(0,600)
Without any arguments.</msg>
<msg timestamp="20230207 21:02:40.542" level="INFO">Current page contains element 'xpath://a[@class='fright fs14 btn-secondary br2']//span[contains(text(),'Next')]'.</msg>
<msg timestamp="20230207 21:02:40.574" level="INFO">Clicking element 'xpath://a[@class='fright fs14 btn-secondary br2']//span[contains(text(),'Next')]'.</msg>
<msg timestamp="20230207 21:02:44.311" level="INFO">Executing JavaScript:
window.scrollTo(0,600)
Without any arguments.</msg>
<msg timestamp="20230207 21:02:44.326" level="INFO">Current page contains element 'xpath://a[@class='fright fs14 btn-secondary br2']//span[contains(text(),'Next')]'.</msg>
<msg timestamp="20230207 21:02:44.357" level="INFO">Clicking element 'xpath://a[@class='fright fs14 btn-secondary br2']//span[contains(text(),'Next')]'.</msg>
<msg timestamp="20230207 21:02:48.000" level="INFO">Executing JavaScript:
window.scrollTo(0,600)
Without any arguments.</msg>
<msg timestamp="20230207 21:02:48.016" level="INFO">Current page contains element 'xpath://a[@class='fright fs14 btn-secondary br2']//span[contains(text(),'Next')]'.</msg>
<msg timestamp="20230207 21:02:48.047" level="INFO">Clicking element 'xpath://a[@class='fright fs14 btn-secondary br2']//span[contains(text(),'Next')]'.</msg>
<msg timestamp="20230207 21:02:51.707" level="INFO">Executing JavaScript:
window.scrollTo(0,600)
Without any arguments.</msg>
<msg timestamp="20230207 21:02:51.723" level="INFO">Current page contains element 'xpath://a[@class='fright fs14 btn-secondary br2']//span[contains(text(),'Next')]'.</msg>
<msg timestamp="20230207 21:02:51.754" level="INFO">Clicking element 'xpath://a[@class='fright fs14 btn-secondary br2']//span[contains(text(),'Next')]'.</msg>
<msg timestamp="20230207 21:02:55.509" level="INFO">Executing JavaScript:
window.scrollTo(0,600)
Without any arguments.</msg>
<msg timestamp="20230207 21:02:55.525" level="INFO">Current page contains element 'xpath://a[@class='fright fs14 btn-secondary br2']//span[contains(text(),'Next')]'.</msg>
<msg timestamp="20230207 21:02:55.556" level="INFO">Clicking element 'xpath://a[@class='fright fs14 btn-secondary br2']//span[contains(text(),'Next')]'.</msg>
<msg timestamp="20230207 21:02:59.326" level="INFO">Executing JavaScript:
window.scrollTo(0,600)
Without any arguments.</msg>
<msg timestamp="20230207 21:02:59.341" level="INFO">Current page contains element 'xpath://a[@class='fright fs14 btn-secondary br2']//span[contains(text(),'Next')]'.</msg>
<msg timestamp="20230207 21:02:59.357" level="INFO">Clicking element 'xpath://a[@class='fright fs14 btn-secondary br2']//span[contains(text(),'Next')]'.</msg>
<msg timestamp="20230207 21:03:03.346" level="INFO">Executing JavaScript:
window.scrollTo(0,600)
Without any arguments.</msg>
<msg timestamp="20230207 21:03:03.362" level="INFO">Current page contains element 'xpath://a[@class='fright fs14 btn-secondary br2']//span[contains(text(),'Next')]'.</msg>
<msg timestamp="20230207 21:03:03.393" level="INFO">Clicking element 'xpath://a[@class='fright fs14 btn-secondary br2']//span[contains(text(),'Next')]'.</msg>
<msg timestamp="20230207 21:03:07.200" level="INFO">Executing JavaScript:
window.scrollTo(0,600)
Without any arguments.</msg>
<msg timestamp="20230207 21:03:07.210" level="INFO">Current page contains element 'xpath://a[@class='fright fs14 btn-secondary br2']//span[contains(text(),'Next')]'.</msg>
<msg timestamp="20230207 21:03:07.241" level="INFO">Clicking element 'xpath://a[@class='fright fs14 btn-secondary br2']//span[contains(text(),'Next')]'.</msg>
<msg timestamp="20230207 21:03:10.902" level="INFO">Executing JavaScript:
window.scrollTo(0,600)
Without any arguments.</msg>
<msg timestamp="20230207 21:03:10.917" level="INFO">Current page contains element 'xpath://a[@class='fright fs14 btn-secondary br2']//span[contains(text(),'Next')]'.</msg>
<msg timestamp="20230207 21:03:11.170" level="INFO">Clicking element 'xpath://a[@class='fright fs14 btn-secondary br2']//span[contains(text(),'Next')]'.</msg>
<msg timestamp="20230207 21:03:15.351" level="INFO">Executing JavaScript:
window.scrollTo(0,600)
Without any arguments.</msg>
<msg timestamp="20230207 21:03:15.366" level="INFO">Current page contains element 'xpath://a[@class='fright fs14 btn-secondary br2']//span[contains(text(),'Next')]'.</msg>
<msg timestamp="20230207 21:03:15.397" level="INFO">Clicking element 'xpath://a[@class='fright fs14 btn-secondary br2']//span[contains(text(),'Next')]'.</msg>
<msg timestamp="20230207 21:03:18.758" level="INFO">Executing JavaScript:
window.scrollTo(0,600)
Without any arguments.</msg>
<msg timestamp="20230207 21:03:18.758" level="INFO">Current page contains element 'xpath://a[@class='fright fs14 btn-secondary br2']//span[contains(text(),'Next')]'.</msg>
<msg timestamp="20230207 21:03:18.789" level="INFO">Clicking element 'xpath://a[@class='fright fs14 btn-secondary br2']//span[contains(text(),'Next')]'.</msg>
<msg timestamp="20230207 21:03:22.795" level="INFO">Executing JavaScript:
window.scrollTo(0,600)
Without any arguments.</msg>
<msg timestamp="20230207 21:03:22.811" level="INFO">Current page contains element 'xpath://a[@class='fright fs14 btn-secondary br2']//span[contains(text(),'Next')]'.</msg>
<msg timestamp="20230207 21:03:22.842" level="INFO">Clicking element 'xpath://a[@class='fright fs14 btn-secondary br2']//span[contains(text(),'Next')]'.</msg>
<msg timestamp="20230207 21:03:26.235" level="INFO">Executing JavaScript:
window.scrollTo(0,600)
Without any arguments.</msg>
<msg timestamp="20230207 21:03:26.251" level="INFO">Current page contains element 'xpath://a[@class='fright fs14 btn-secondary br2']//span[contains(text(),'Next')]'.</msg>
<msg timestamp="20230207 21:03:26.267" level="INFO">Clicking element 'xpath://a[@class='fright fs14 btn-secondary br2']//span[contains(text(),'Next')]'.</msg>
<msg timestamp="20230207 21:03:30.022" level="INFO">Executing JavaScript:
window.scrollTo(0,600)
Without any arguments.</msg>
<msg timestamp="20230207 21:03:30.022" level="INFO">Current page contains element 'xpath://a[@class='fright fs14 btn-secondary br2']//span[contains(text(),'Next')]'.</msg>
<msg timestamp="20230207 21:03:30.053" level="INFO">Clicking element 'xpath://a[@class='fright fs14 btn-secondary br2']//span[contains(text(),'Next')]'.</msg>
<msg timestamp="20230207 21:03:33.666" level="INFO">Executing JavaScript:
window.scrollTo(0,600)
Without any arguments.</msg>
<msg timestamp="20230207 21:03:33.682" level="INFO">Current page contains element 'xpath://a[@class='fright fs14 btn-secondary br2']//span[contains(text(),'Next')]'.</msg>
<msg timestamp="20230207 21:03:33.698" level="INFO">Clicking element 'xpath://a[@class='fright fs14 btn-secondary br2']//span[contains(text(),'Next')]'.</msg>
<msg timestamp="20230207 21:03:37.576" level="INFO">Executing JavaScript:
window.scrollTo(0,600)
Without any arguments.</msg>
<msg timestamp="20230207 21:03:37.592" level="INFO">Current page contains element 'xpath://a[@class='fright fs14 btn-secondary br2']//span[contains(text(),'Next')]'.</msg>
<msg timestamp="20230207 21:03:37.623" level="INFO">Clicking element 'xpath://a[@class='fright fs14 btn-secondary br2']//span[contains(text(),'Next')]'.</msg>
<msg timestamp="20230207 21:03:40.953" level="INFO">Executing JavaScript:
window.scrollTo(0,600)
Without any arguments.</msg>
<msg timestamp="20230207 21:03:40.969" level="INFO">Current page contains element 'xpath://a[@class='fright fs14 btn-secondary br2']//span[contains(text(),'Next')]'.</msg>
<msg timestamp="20230207 21:03:41.000" level="INFO">Clicking element 'xpath://a[@class='fright fs14 btn-secondary br2']//span[contains(text(),'Next')]'.</msg>
<msg timestamp="20230207 21:03:45.006" level="INFO">Executing JavaScript:
window.scrollTo(0,600)
Without any arguments.</msg>
<msg timestamp="20230207 21:03:45.006" level="INFO">Current page contains element 'xpath://a[@class='fright fs14 btn-secondary br2']//span[contains(text(),'Next')]'.</msg>
<msg timestamp="20230207 21:03:45.037" level="INFO">Clicking element 'xpath://a[@class='fright fs14 btn-secondary br2']//span[contains(text(),'Next')]'.</msg>
<msg timestamp="20230207 21:03:48.918" level="INFO">Executing JavaScript:
window.scrollTo(0,600)
Without any arguments.</msg>
<msg timestamp="20230207 21:03:48.918" level="INFO">Current page contains element 'xpath://a[@class='fright fs14 btn-secondary br2']//span[contains(text(),'Next')]'.</msg>
<msg timestamp="20230207 21:03:48.950" level="INFO">Clicking element 'xpath://a[@class='fright fs14 btn-secondary br2']//span[contains(text(),'Next')]'.</msg>
<msg timestamp="20230207 21:03:52.610" level="INFO">Executing JavaScript:
window.scrollTo(0,600)
Without any arguments.</msg>
<msg timestamp="20230207 21:03:52.626" level="INFO">Current page contains element 'xpath://a[@class='fright fs14 btn-secondary br2']//span[contains(text(),'Next')]'.</msg>
<msg timestamp="20230207 21:03:52.641" level="INFO">Clicking element 'xpath://a[@class='fright fs14 btn-secondary br2']//span[contains(text(),'Next')]'.</msg>
<msg timestamp="20230207 21:03:56.459" level="INFO">Executing JavaScript:
window.scrollTo(0,600)
Without any arguments.</msg>
<msg timestamp="20230207 21:03:56.474" level="INFO">Current page contains element 'xpath://a[@class='fright fs14 btn-secondary br2']//span[contains(text(),'Next')]'.</msg>
<msg timestamp="20230207 21:03:56.490" level="INFO">Clicking element 'xpath://a[@class='fright fs14 btn-secondary br2']//span[contains(text(),'Next')]'.</msg>
<msg timestamp="20230207 21:04:00.355" level="INFO">Executing JavaScript:
window.scrollTo(0,600)
Without any arguments.</msg>
<msg timestamp="20230207 21:04:00.371" level="INFO">Current page contains element 'xpath://a[@class='fright fs14 btn-secondary br2']//span[contains(text(),'Next')]'.</msg>
<msg timestamp="20230207 21:04:00.402" level="INFO">Clicking element 'xpath://a[@class='fright fs14 btn-secondary br2']//span[contains(text(),'Next')]'.</msg>
<msg timestamp="20230207 21:04:04.581" level="INFO">Executing JavaScript:
window.scrollTo(0,600)
Without any arguments.</msg>
<msg timestamp="20230207 21:04:04.596" level="INFO">Current page contains element 'xpath://a[@class='fright fs14 btn-secondary br2']//span[contains(text(),'Next')]'.</msg>
<msg timestamp="20230207 21:04:04.612" level="INFO">Clicking element 'xpath://a[@class='fright fs14 btn-secondary br2']//span[contains(text(),'Next')]'.</msg>
<msg timestamp="20230207 21:04:08.586" level="INFO">Executing JavaScript:
window.scrollTo(0,600)
Without any arguments.</msg>
<msg timestamp="20230207 21:04:08.602" level="INFO">Current page contains element 'xpath://a[@class='fright fs14 btn-secondary br2']//span[contains(text(),'Next')]'.</msg>
<msg timestamp="20230207 21:04:08.633" level="INFO">Clicking element 'xpath://a[@class='fright fs14 btn-secondary br2']//span[contains(text(),'Next')]'.</msg>
<msg timestamp="20230207 21:04:12.664" level="INFO">Executing JavaScript:
window.scrollTo(0,600)
Without any arguments.</msg>
<msg timestamp="20230207 21:04:12.670" level="INFO">Current page contains element 'xpath://a[@class='fright fs14 btn-secondary br2']//span[contains(text(),'Next')]'.</msg>
<msg timestamp="20230207 21:04:12.701" level="INFO">Clicking element 'xpath://a[@class='fright fs14 btn-secondary br2']//span[contains(text(),'Next')]'.</msg>
<msg timestamp="20230207 21:04:14.303" level="INFO">Executing JavaScript:
window.scrollTo(0,600)
Without any arguments.</msg>
<msg timestamp="20230207 21:04:14.303" level="INFO">Current page contains element 'xpath://a[@class='fright fs14 btn-secondary br2']//span[contains(text(),'Next')]'.</msg>
<msg timestamp="20230207 21:04:14.460" level="INFO">----------------------------------------------------------------
true
None
20
QA Professional
Job Purpose (Job Summary): To participate in the execution, verification and documentat...
Invesco
QA professional
Job Purpose (Job Summary): To participate in the execution, verification and documentat...
Invesco
QA Analyst
Job Summary:To participate in the execution, verification and contribute in documentati...
Invesco
Sr Software Engineer- Servicenow
5 years of experience in ServiceNow/Information Technology Bachelor’s degree in Compute...
Persolkelly India
Worksoft Automation Professional
of experience in Test Automation using Worksoft Certify Tool . . Good Experience in cre...
Staffice Global
OATS Automation Testing
Good problem solving and multi-tasking skills Organization and prioritization abilities...
Varite
Product Engineer
. . . Has Python automation experience with Pytest framework Has UI automation experien...
Skillety
Enterprise Solutions Sr Analyst
Minimum Bachelor s degree is required Years of Exp Needed: Minimum 5-8 years in IT test...
Pepsi Foods
Associate QA Engineer
Must be able to conduct manual testing tasks on his own, Identify Bugs should be able t...
Accrualify India
Automation Application Engineer
Job Responsibilities: 1. Solid understanding of automation programming development. 2. ...
Wisdom Tech Solutions
Software Tester - Automation/Manual Testing
- Review business software requirements and provide inputs.- Prepare test cases, test s...
Appscrip
Hiring For(Mobile Automation Testing) QA Automation - IOS &amp; Android
Roles and Responsibilities. . . . Job opportunities for Testing Engineers who have hand...
BUSITANTS INC
Freshers, Software Testing Opportunity, 2022 graduate Can also apply
2022 graduate can also apply Immediate Requirement in Software Testing with a min Packa...
Creative Hands HR
Software Test Engineer - Manual/Automation Testing
Male candidates only. . . . . . Science GraduationGood in Basic Testing Concepts
Talent Corner HR Services Pvt Ltd
Automation Engineer
Location: Hyderabad, Bangalore, . . NP: immediate to 30 days maximum Required Skills: ....
Alois
Automation Engineer
Automation tools: Python Pycharm Github Postman Communication Tools: Slack Webex and Ou...
Alois
Mobile Automation Tester with Appium
Roles and Responsibilities Test Requirement Analysis:Design estimates (time /effort) ba...
Cognizant
Hiring For Automation Tester
Graduation -Full TimeShould have experience creating or maintaining selenium based fram...
Avantha Technologies Limited
Junior Automation Test Engineer
Good knowledge of test automation concepts, practices, and tools. Ability to Code Autom...
Innomech Technologies
True
None
20
QA Automation Engineer
The Job: . . 4+ years of experience extensively in automation with Selenium Webdriver. ...
Eduvantage Learning Solutions
Sr Embedded QA Engineer
Experience of embedded systems based on ARM architectureWork with Product Management to...
Cliqhr Recruitment Services
Test complete Professional
Candidate should have thorough knowledge on Automation testing with hands-on experience...
Cliqhr Recruitment Services
SOLMAN CBTA
Knowledge of Testing such as Test Plans, Test Packages, Test Scripts. . Not required: K...
Cliqhr Recruitment Services
Systems QA Engineer
Certification in testing like ISTQB or CSTQB. . Perl(And / Or) python scripting Overall...
Cliqhr Recruitment Services
Wi Fi Test Engineer
Deep knowledge of 802.11 Wi-Fi Protocols.Hands on experience in testing WIFI module in ...
Cliqhr Recruitment Services
Java selenium with Trading Professional
The associate needs to pass the specific certification: Mandatory Certificate: Certifie...
Cliqhr Recruitment Services
Automation Testing - Selenium
Experience in updating and maintaining automation frameworksMinimum in Test Automation ...
Cliqhr Recruitment Services
Solman CBTA professional
Knowledge of Testing such as Test Plans, Test Packages, Test Scripts. . Not required: K...
Cliqhr Recruitment Services
Test Engineer
Excellent knowledge in testing skills (design test plan and test strategy, writing test...
Cliqhr Recruitment Services
SOLMAN Testing professional
Experience in variety of tools / technologies in SAP Fiori Web UI will be advantage
Cliqhr Recruitment Services
AT &amp; T- Python Testing professional
Preference skill Set: Agile, Scrum frameworkMandatory Skill Set: Solid Hands-on experie...
Cliqhr Recruitment Services
Automation Testing Professional- Angular, Jasmin (or other framework)
He / She should be able to shift automation left earlier in the SDLC and partner with t...
Cliqhr Recruitment Services
Selenium - Professional
6+ Years for hands-on Selenium Java Automation Experience Expertise in Selenium web dri...
Cliqhr Recruitment Services
UFT Test Specialist
Experience in Automated and Manual Testing . SAP Automation is a mustPerson should be a...
Cliqhr Recruitment Services
API Automation
06/06: OPEN: Sub con profiles shared. Interviews in progress Primary Skill: API Automat...
Cliqhr Recruitment Services
SAP Test Automation Professional
o Hands on experience with descriptive programming and custom function creation skills ...
Cliqhr Recruitment Services
Java Automation Engineer
Role : Selenium-Java Automation Engineer Primary Skill : Java Selenium and Salesforce F...
Cliqhr Recruitment Services
UFT Automation Professional
Must to have: UFT &amp; Agile Role Notes-Detailed JD: Role Title: Automation Tester UFT Pri...
Cliqhr Recruitment Services
True
None
20
Software Development Engineer - Test - Appium/API Testing
Robot framework- (Preferred). .
Talentstack Consulting
Protractor Tester
Role Title: Tester Primary Skills : Protractor Experience with Selenium, UI Protractor ...
Cliqhr Recruitment Services
Functional Tester
10+ years of overall Testing experience with - Strong knowledge on Automation testing.T...
Cliqhr Recruitment Services
Selenium Professional
3+ Years for hands-on Selenium Java Automation Experience Expertise in Selenium web dri...
Cliqhr Recruitment Services
Tosca Testing Professional
Should be able to provide solution for any custom controls Good understanding in handli...
Cliqhr Recruitment Services
API Testing Professional
Hands on experience on Cucumber, BDD methodology, Gherkin syntax. Hands on experience o...
Cliqhr Recruitment Services
API Automation Lead
Experience managing team and providing guidance. . End to End API Automation testing wi...
Cliqhr Recruitment Services
TIAA_EFCP_Tester
E2E Testing of In Scope Items required for Release including Sprint TestingStrong ETL e...
Cliqhr Recruitment Services
IBM Sterling Test Engineer
Main Responsibilities• Defining the scope of testing within the context of each release...
Cliqhr Recruitment Services
SAP Testing
At least 2 to years of strong working experience of SAP Specific modules like include: ...
Cliqhr Recruitment Services
Performance Sr. Test Engineer
Main ResponsibilitiesConduct POCs and identify suitable performance testing tool Unders...
Cliqhr Recruitment Services
Mobile Test Lead
Experience leading team of 5-10 Mobile Test Engineers both automation and manual.Experi...
Cliqhr Recruitment Services
Automation Testing professional - Angular,Jasmine (or other framework)
He / She should be able to shift automation left earlier in the SDLC and partner with t...
Cliqhr Recruitment Services
Automation Testing : Angular, Jasmin (or other framework)
He / She should be able to shift automation left earlier in the SDLC and partner with t...
Cliqhr Recruitment Services
BI Test Lead
Main ResponsibilitiesDefining the scope of testing within the context of each release/d...
Cliqhr Recruitment Services
Testing Automation Architect
Main Responsibilities Defining the automation testing framework Implement Test Automati...
Cliqhr Recruitment Services
Automation Testing Professional: Angular, Jasmin (or other framework)
He / She should be able to shift automation left earlier in the SDLC and partner with t...
Cliqhr Recruitment Services
Test Engineer - Automation Testing
GraduateBTech. . - Must GCP, Docker, Kubernetes other Cloud Certifications. . Minimum 2...
Serving Skill
SAP UFT Professional
Automation QA with 4 to 5 years work experience in test design, execution and implement...
TRH Consultancy Services
True
None
20
Automation Testing Professional: Angular, Jasmin (or other framework)
He / She should be able to shift automation left earlier in the SDLC and partner with t...
Cliqhr Recruitment Services
Test Engineer - Automation Testing
GraduateBTech. . - Must GCP, Docker, Kubernetes other Cloud Certifications. . Minimum 2...
Serving Skill
SAP UFT Professional
Automation QA with 4 to 5 years work experience in test design, execution and implement...
TRH Consultancy Services
Automation Tester - Java/Selenium
- Design and develop test automation scripts using Provar.- 5 Years Automation Testing ...
Workxforce Smart Technologies
QA Professional
Has worked on Enterprise level projectExperience working in Agile Team and working unde...
Serving Skill
Test Lead - API/Automation Testing
Position : API TesterLead Roles &amp; Responsibilities :As a API Tester, you will join a te...
Hashtag Global Solutions
Test Lead/Quality Assurance Engineer
Strong candidates should have prior experience in software product development. . - BS ...
Huquo Consulting
Automation Test Engineer - Java/Selenium
- Java, Selenium, Jira, Manual, Test CasesAs mentioned earlier, there are many roles an...
Prime Infosoft
Automation Test Engineer - Java/Selenium
- Java, Selenium, Jira, Manual, Test CasesAs mentioned earlier, there are many roles an...
Prime Infosoft
Senior Software Development Engineer - Test - Automation Testing Tools
Job Description :- Minimum 5 to 7 years of hands on automation using automation tools l...
UST Blueconch
Automation Testing Lead/Manager - Java/Python/Selenium
Excellent communication skills (must be able to interface with team in India and US). ....
Axtria India
Tosca Automation Testing | Exp: 6 - 12 Years
Must be able to understand and maintain the test scriptsMust know how to do the initial...
Tata Consultancy Services (TCS)
Automation Tester with Robot Framework / Python
Experience with test automation is requiredDefect Management Technologies required Robo...
CGI
QA Test Lead Required
Identify business requirements Carry out stress testing, performance testing, functiona...
Nobreza Consulting Private Limited
Hiring Automation For Infosys/C2H/WFH
Greetings! We are hiring candidates for INFOSYS PVT LTD who can join within 15 to 20day...
Orcapod Consulting Services
API Tester
Use of virtualization as needed to shift left. Exposure to CI / CD pipeline engineering...
Dish Networks Technology
Automation Engineer_Scripting language
Understand functional and technical requirements and should translate into Automation c...
Adecco Group
Salesforce Specialist - Automation Testing
Qualification / Experience. . Graduation (Any IT related degree preferable)Experience s...
Global Professional Services
QA Engineer
Roles and Responsibilities Automation Tools: SQL Developer Putty Postman JIRA Confluenc...
Lecan Solutions
True
None
20
Selenium Automation Test Engineer
Required qualifications to be successful in this role Exp : 3 to 8 Yrs
CGI
Automation Tester
You need to have a good business approach for the software or the system A good underst...
AIM Jobs Hr Service
Automation Engineer - C#/Java/Selenium
of positions : 5. . - Automation engineer having 4+ or more years of experience working...
Serving Skill
Associate Test Software Engineer - Matlab / Simulink
Boeing India Engineering is currently looking for Associate Software Engineer to join t...
Boeing
Trainee Software Developer/Tester(QA/UI)
We are looking for fresher Software Engineer Trainee for our organisationAny graduateTh...
Innovapath It Solutions
Automation Tester - Java/Selenium
Candidate Must Have PF Deduction in current Company . .
Freshermart
Uft Automation Tester
Good at understanding the functional flow, having work experience with JIRA, JIRA Dashb...
Broadridge
Manual and Automation Test Engineer
Hiring Juniors to Seniors Automation Engineers with experience: Manual testing experien...
Hire Qa
Manual Automation API DB testing
Manual Automation API DB testing Experience 5 - 7 years Bangalore, Coimbatore, Hyderaba...
Alp Consulting Ltd
UI Automation testing
. . . . . . . . . . . Test Strategy and System testing experience, Design test cases, C...
Alp Consulting Ltd
Senior Test Automation Engineers
The automation engineer will perform all or most of the following: . . Good understandi...
PrimeSoft Solutions Inc.
Automation Testing : Angular, Jasmin professional
He / She should be able to shift automation left earlier in the SDLC and partner with t...
CliqHR Recruitment Services
Manger/Senior Manager - Automation Testing
Skill set:- Knowledge of at least one programming language, such as Java (preferred) or...
Huquo Consulting Pvt. Ltd
Manger/Senior Manager - Automation Testing
Skill set:- Knowledge of at least one programming language, such as Java (preferred) or...
Huquo Consulting Pvt. Ltd
Xamarin Developer / Mobile Test Automation
Must have experience in building mobile test automation framework from scratchMust poss...
Alp Consulting Limited
Manger / Senior Manager - Automation Testing
Skill set :- Knowledge of at least one programming language, such as Java (preferred) o...
Huquo Consulting Pvt. Ltd
Test Automation Engineer
Must have worked on Test Automation Tools like Protractor, Cypress for more than 3 year...
Alp Consulting Limited
UI Automation testing professional
OverviewNotice Period : Early joiners (Less than 15 Days)Job Description:Required 6+yea...
Alp Consulting Limited
L2/L3 Tester
Roles and Responsibilities L2, L3 Python Automation Testing +Virtualization+ Cloud
Hirexa Solutions
True
None
20
Qa Automation Testing Engineer
Should worked on API Testing using Postman/ swagger/ NewMan or at least good must have ...
Apisero
Automation Test Engineer/Senior Engineer
Test automation engineer We are looking for an outstanding test automation engineer to ...
Adva Optical Networking
Python Automation Engineer
Must have understanding of build pipelines, software development lifecycle, testing met...
Allegis Group
Selenium with C# Tester Openings
Selenium with C# TesterPosition DescriptionJob Description/ Position Description Works ...
CGI
Python Testing Engineer
Documentation following the requirement gathering i. e. BRD, FS, FTC, User Manuals, Rel...
Aparajita Consultancy Services
Software Engineer – SQA Engineer
should be able to work effectively in a multidisciplinary, multinational team environme...
Successr Hr Tech
Python Testing Engineer
Documentation following the requirement gathering i. e. BRD, FS, FTC, User Manuals, Rel...
Aparajita Consultancy Services
Python Automation Testing Professional (Permanent third party payroll)
Mandatory: Minimum 3+ Years of experience in Automation Scripting
Successr Hr Tech
Manger/Senior Manager - Automation Testing
Skill set:- Knowledge of at least one programming language, such as Java (preferred) or...
Huquo Consulting
Test Engineer
Experience: 10+ Years. . Job Type: Permanent. . Notice Period: 30 Days to 90 Days. . Mo...
Talent21
Tosca Automation Engineer
Inviting applications for the role of Tricentis Tosca Test ConsultantIn this role, you ...
Genpact
Automation Tester
Experience Range: 2- 6 Years . . Qualification: Minimum 15 Years of full time education...
Tata Consultancy Services (TCS)
QA Engineer with Crypto/Blockchain based IT Firm
You will be directly embedded into a cross-functional team and work alongside developer...
Difx Technology L.l.c
Automation Test Engineer(C2H)
Note: . . Only Genuine candidates
Nexwave Talent Management Solutions
Automation Testing with Java Selenium Professional
Good coding and problem solving skills Must have strong automation experience with Java...
Alp Consulting Limited
Automation Tester
We are looking for a highly-skilled test automation engineer to design automation tests...
Successr Hr Tech
Qa Engineer
Skills Required: JAVA Core/Advance, Selenium, HTML, CSS, SQL Industry: IT- Software / S...
Reycruit
Urgent openings For Software Tester &amp; Python Software Developer
PYTHON DEVELOPER: . . (a) Knowledge on latest technologies. . (b) Understanding the cli...
Stigentech IT Services
Automation, Build and Integration Engineer
Qualifications&gt; . . Education: BE/ B Tech in Computer Engineering/ Information Systems ...
Innominds Software
True
None
20
Quality Engineer (Automation) - Senior Associate
Minimum Degree Required: . . . . Bachelors Degree in information technology or Computer...
PwC
NMS UI Automation
Hands on with Selenium is a must have Engineer (4-6 yrs exp) . . . . . . . . . . . . . ...
IB Services &amp;amp;amp; Technologies
QA tester
• 6+ years of experience as a QA Tester or in a related field • Basic knowledge of prog...
Cliqhr Recruitment Services
SAP Automation Tester
Total Years of experience - 7 to 9 Years Relevant years of experience - 5 to 6 years Mu...
Dynpro
UFT with Automation
Capital. . Markets. . is. . preferredExperience. . with. . UFT. . is. . preferredAutoma...
Sa Tech Software I
Python Automation Engineer
Proficient in OOPs concepts Well versed with GIT / Bit BucketExperience developing and ...
Innominds Software
Principal / Sr. Engineer Full Stack Automation
6+ years of proven experience as an Automation Engineer/Automation Tester with demonstr...
Innominds Software
Test Engineer - Python/Selenium
Mandatory :- Minimum 3+ Years of experience in Automation Scripting- 3 Years Python Scr...
SuccessR Hrtech Pvt Ltd
Quality Assurance Consultant - Automation/Functional Testing
QA Consultant shall be responsible for understanding the nature of the domain and the b...
SuccessR Hrtech Pvt Ltd
Test Engineer - Python/Selenium
Mandatory :- Minimum 3+ Years of experience in Automation Scripting- 3 Years Python Scr...
SuccessR Hrtech Pvt Ltd
Python Automation Engineer
Cientra is looking for candidates who have prior experience in Python Automation, prefe...
Cientra Techsolution
Software QA Automation Engineer
Qualifications: . . Bachelors degree in computer science or equivalent experienceMinimu...
Vertiscript Global It Services
QA Automation Testing Engineer
Experience in Quality Assurance and working with issue tracking tools such as Jira. Exp...
Spinebiz
Automation Tester - Selenium/Appium
Provide an automation test summary report. . Should have good debugging skills. Experie...
Career Infosystem
Automation Tester - Selenium/Appium
Provide an automation test summary report. . Should have good debugging skills. Experie...
Career Infosystem
Test Engineer II - Manual/ Automation Testing
Your contribution will serve assisting Rotary members through its Software for expandin...
Career Infosystem
Automation Tester - Selenium/Appium
Provide an automation test summary report. . Should have good debugging skills. Experie...
Career Infosystem
Hiring UI Automation For Infosys/C2H/WFH
- Talent has to be flexible -to work in 2PM to 11PM shift (Work from home as off now). ...
Orcapod Consulting Services
Automation Tools Test Specialist
Should be able to analyze and evaluate Software and Business Requirement Documents duri...
Nixsol India
True
None
20
Immediate joiners - Software Development Test QA
Roles and Responsibilities: -3-5 years of experience in QA Automation Engineering or re...
Hucon
Workday Tester
We are looking for profiles with Workday testing experience and with automation using o...
Talent21
Automation Testing
. . . Should have at least 6-7 years of total experience . . . . . . Should have excell...
Skillety
Automation Testing
Exp in Automation Engineering Test automation engineer with Sr. level Selenium skill se...
Skillety
API Tester - Automation
Use of virtualization as needed to shift left. Exposure to CI / CD pipeline engineering...
Dish Networks Technologies
Automation Testing
Hi Candidate name, JD for QA UI Automation Engineer Sling Media is a wholly owned subsi...
Dish Networks Technologies
QA Lead - Automation Testing Role
. 10+ years QA and Performance test development experience .Demonstrated ability to lea...
delaPlex
Automation Test Engineer
Hi, Lecan Solutions Pvt Ltd is an executive search company working with CMM Level5 Tier...
Lecan Solutions
Xamarin/Mobile Automation Tester
Must have experience in building mobile test automation framework from scratchMust have...
Lecan Solutions
Automation Testing
. MSC / BE/BTech (CSE / IT/ECE) with 2-8+ years of experience with good academics records
Paradesi Solutions
Manger/Senior Manager - Automation Testing
Skill set:- Knowledge of at least one programming language, such as Java (preferred) or...
Huquo Consulting Pvt. Ltd
TOSCA Automation Tester
Exp - 3 to 4 Yrs (2+ Relevant Exp)Tosca certified – Automation Specialist Level 1 and 2...
Technogen
Tosca DI - Automation Test Engineer
Exp - 6 to 10 yearsRole - PermanentLocation - Bangalore, Hyderabad or PuneMandatory ski...
Inumellas Consultancy Services
Immediate joiner required For Cigniti -- Automation Lead
Create Test Cases for new web application based on requirement specification documents ...
Cigniti Technologies
Automation Test Engineer - Manual Testing
Required Qualification . . Graduation - Bachelor of Engineering - Bachelor of Technolog...
Serving Skill
UI Tester -(Dish Networks)
Use of virtualization as needed to shift leftExperience in building automation framewor...
Dish Networks Technology
Exciting Job Opening in Automation Testing at Dassault Systemes
Experience of using the products as a userTechnical Automation experience Hands on expe...
DASSAULT SYSTEMES
Automation Testing Professional
Having good knowledge in core Java and hands-on experience in automation and able to wr...
CliqHR Recruitment Services
Testing Professional
Proficient understanding of code versioning such as GIT, SVN, TFS Experience with MVC f...
Mphasis
True
None
20
LTE Testing Engineer
Any 5G certification would be an advantage Minimum 5+ years of experience in mobility p...
HCLTech
Embedded System Testing Engineer
System Testing: Test Automation &amp; System testing (Lead / Engineer / Advanced Engineer) ...
Capgemini
QA Automation Engineer
4 years of professional work experience in a Software Test AutomationWorking experience...
Eshcol Global Services
Automation Tools
Expert on Development Ansible, Shell . . . . . . Proficient on Development Power shell,...
Capgemini
IT Testing Professional
Bachelor of Engineering Experience in developing test cases and test plans
Infosys
IT Testing Professional
Bachelor of Engineering You will create requirement specifications from the business ne...
Infosys
IT Testing professional
Bachelor of Engineering Experience in developing test cases and test plans
Infosys
NMS Testing
Optical / Networking / Telecom domain preferredExperience in testing network management...
VEGA Intellisoft Private Limited
Test Engineer R&amp;D
The Test Engineer s primary role is to support in the formal testing of all new and/or ...
AMETEK Inc
Appium Automation Engineer
&gt; Strong into Java Automation Appium(Into Mobile Application Testing) &gt; Experience in b...
VEGA Intellisoft Private Limited
Systems Quality Automation Engineer
Roles and Responsibilities:Create and support automation test strategy, with strong exp...
Introlligent
Automation Test Engineer - Selenium with C#
[...]
Senior Associate Quality Assurance Engineer
. 5+ years of experience in Quality Assurance or business analysis working in automated...
Workday Inc
QA Automation Engineer
Desired Skills Selenium, Java, Python, Software Testing (QA), Test Automation (QA), Bug...
Tech Prescient
Test Automation
. Nice to have . . . . Oracle Certified Associate (OCA) qualified . . Must Have Skills ...
optimus
Test Engineer
Roles and Responsibilities Should have basic knowledge of web testing, mainframe knowle...
Bean Hr Consulting
Lead Software Test Engineer
Call or Whatsapp on 9458302699ESSENTIAL DUTIES AND RESPONSIBILITIES: Leading test activ...
IT Company
QA Automation
Hands-on experience with Selenium on python is a mustPrevious experience working as a Q...
MM STAFFING CAREER CONSULTANTS PRIVATE LIMITED
Automation experts
Make the services smart with high degree of automation Ability to stitch different solu...
Dhata Tech
Engineer
Passed out with distinction in Engineering in all subjectsApplication consist of variou...
Electropneumatics &amp; Hydraulics India Pvt Ltd
Test Automation Developer
Willingness to work on rotational shifts . . . . . . . . Sound knowledge of test manage...
Emerson
Sr. Test Automation Engineer
Experience with design of test automation solution is preferred . . Good knowledge in G...
Kongsberg Gruppen
Sr Associate SDET
Hands on experience of testing automating Micro services, REST APIs, middle-tier, etc. ...
SAS Research and Developement (India) Pvt Ltd
QA Engineer - QA Automation
Qualifications- Bachelors Degree in Computer Science (or equivalent) with 3 to 6 years ...
Photon Infotech P Ltd
Sdet ( Qa Automation Engineer )
Proficient in SQL: selects, joins, inserts and updates Why We Value You . . You have ex...
Sigfig
Analyst - QA
Required: Bachelor s / Masters Degree in Computer Science or similar area of studyExper...
WM Logistics
Principal Software Development Engineer in Test
. Bachelors Degree in Computer Science or a related field PLUS 8 years of relevant expe...
Edwards Lifesciences
True
None
20
Sr QA Engineer
MUST have experience working in a SaaS startup Should have the knack to identify proble...
Bookee
Sr. Engineer SQA (Automation Testing)
Experience with relational database (Preferably Oracle) Automation Testing, Experience ...
Integrated Personnel Services
Ecommerce- Senior Automation Test Engineer
Develop / build test automation strategy / framework as required and focus specifically...
Jet2 Travel Technologies
Software QA Engineer
Open to learn from each other in the team and each experience day-to-day Coordinate wit...
Integrichain
Software Quality Assurance Analyst
Within an Agile framework, collaborate with other team members to deliver compelling, h...
Wolters Kluwer
Automation Lead
Responsibilities will also include developing, maintaining, execution of Automation tes...
Rxlogix Corporation
Automation Tester
The Primary responsibilities and tasks will include: 5 years of experience in automatin...
Varite
Sr Associate SDET
Hands on experience of testing automating Micro services, REST APIs, middle-tier, etc. ...
SAS
Test Automation Engineer
Define and maintain test plans and test specifications for functional, integration and ...
Also Energy
Senior Quality Engineer - Automation
We ll be relying on you to Evaluate the technical landscape of a product and determine ...
IDP
Early Engagement - Quality Assurance Engineer-Automation
As a Quality Assurance Engineer, you will be responsible for testing features to ensure...
Baker Hughes
Senior Associate Quality Assurance Engineer
5+ years of experience in Quality Assurance or business analysis working in automated a...
Workday Inc
QA Engineer
Hiring for QA Engineer (Automation +Manual)Experience: 5+ years Job Description: The pr...
Drish Infotech
QA Automation with Cucumber
Experience: 3 to 5 Years . . Job Type: Permanent. . Notice Period: Immediate to 30 Days...
Talent21
QA Lead Automation
Bachelor s degree in engineering or computer science or an equivalent with at least 5 y...
Capital Placement Services
QA tester
QA Certification Should have experience on Manual and Automation testing Should have kn...
Orange Business Services
India Analyst - QA
Education and Experience Required: Bachelor s / Masters Degree in Computer Science or s...
Waste Management
Automation Testing
. . . BSS / OSS E2E knowledge only and work exp on Telecom Domain Project . . 4-7 years...
Diverse Lynx
Automation Testing
BSS/OSS E2E knowledge only and work exp on Telecom Domain Project 4-7 years of experien...
Diverse Lynx
True
None
20
OFFICE - 365
Hands on experience creating / debug/resolve yaml files, helm charts of Infrastructure ...
Rarr Technologies
Fullstack- Test automation
The QA Testing Engineer works with the test team to develop testing strategies and devi...
Deutsche Bank
Senior Engineer - QA Automation
Experience in embedded testing for products like IoT Gateways, Smart Devices, Camera, T...
Glide
Automation QA Engineer
Automation of API using any of the tools - Rest Assured, Gatling, Karate . . Design and...
Wavelabs Technologies
QA/QC Software Tester
Experience with Agile (SCRUM) projects and good understanding of Agile ceremonies
CONNECTING 2 WORK
Software Engineer Test
What will you do at Ciena?Software test engineer will work in Ciena India network manag...
Ciena
Automation Engineer
Automation Engineer We are looking for an experienced Automation Engineer to join our t...
Anzo Controls
QA Automation Engineer
Good knowledge in CI / CD tools like Jenkins or Gitlab or Github ActionsExperience in o...
Clockhash Technologies
Senior/Principal Software Development Engineer
You will be developing automated test suites to increase functional and integration aut...
PubMatic
Test Engineer Senior
Masters/Bachelors degree in electronics/software engineering/computer science or equiva...
Turing Softwares- A Unit Of Mettler Toledo India
Automotive Test Engineer For Automation
CANoe, CANalyzer, Vehicle Spy). . Software quality assurance certification applicable t...
Brigosha Technologies
Urgent Opening For Quality Engineer II | Leading IT Company
Urgent Opening For Quality Engineer II in Leading IT Company for Mumbai location.Job De...
Premier Consultants
Lead Software Test Automation Engineer
Job DescriptionExperience: 6 to 10 yearsWork Location: Coimbatore.Work mode:HybridTechn...
Wolters Kluwer
Python Developer (Face To Face Interview, 11th and 12th Jan)
Job DescriptionJob Requirements:We are looking for a Python Developers who has 3+ years...
Prodapt Solutions
Quality Assurance - Automation
Roles &amp; Responsibilities:Design test plans, scenarios, scripts and/or procedures based ...
Pivotree Solutions India
Automation QA Engineer
Periodically report testing and automation impact, value, and improvement to stakeholde...
Logitech Engineering Designs
Hiring Python Professionals @ Visteon
Preferred Location About Visteon . . Visteon is a global technology company serving the...
Visteon
Hil Test Engineer
Roles and Responsibilities * Should have at least 4 Years of experience in HIL Testing*...
V2soft
Automation QA
Quality Assurance / Testing Strong experience in working with teams on projects using A...
Valuelabs
True
None
20
Automation Test Engineer
Skill Sets Required: . Excellent software test skills in both manual and automation tes...
Lionbridge
Automation Tester
Excellent understanding of API APP testing Good coding skills in languages like Java, G...
Womennovator
Developer
Python, Automation Testing , Python, Automation Testing Develop the test cases using ro...
ITC Infotech
Automation Testing
Highly accurate and detail-oriented. 5 years of hands-on quality assurance work with we...
Diverse Lynx
Sr Development Engineer - Python Automation
Experience in creating test strategies and manual test execution Preferred qualificatio...
Barco Electronic System
Automation Testing(Selenium)
Preparation of test reports, Basic SQL, Database testing, . . Good communication skills...
Busisol Sourcing (India)
Automation Testing - Selenium
Key Responsibilities &amp; Accountabilities: Minimum experience of 2 years working with Sel...
Busisol Sourcing (India)
Automation QA Engineer
Requirements Individual contributor with Hands on experience on Selenium WebDriver, Cyp...
Wavelabs Technologies
Software Test Automation Engineer - Angler Technologies
We are on look out for dynamic Graduate / Post Graduate Software Test Engineers / Teste...
Angler Technologies
Automation Testing STL
Role Description:- QA Team leadership quality and should own all aspects of Testing, QA...
HR Mind
QA AUTOMATION
In depth functional testing - Must be able to evaluate functional stability to ensure b...
Acme Hr Consulting
Senior Software Quality Engineer - Openshift
Bachelors degree or higher, or equivalent in computer science or a related fieldTesting...
Red Hat
Automation Testing STL
Role Description:- QA Team leadership quality and should own all aspects of Testing, QA...
HR Mind
Sr.Test Automation Engineer
Candidate should have good communication skills as client interaction will be involved ...
Qualitest
QA Automation Engineer
Bachelor (BS) degree in Computer Science, Software Engineering or a closely related fie...
Ivalua
Software Engineer
Identify new testing tools and methodologies . . Professional Experience . . Min 2 year...
Valeo
UI Testing and Automation Lead
Good Java with Selenium is a must . . Good knowledge of SQL databases . Experience in W...
IB Services &amp;amp;amp; Technologies
Selenium Tester
Minimum experience of 2 years working with Selenium WebDriver Knowledge of Java, WebDri...
Busisol Sourcing (India)
Software Test Automation Lead
Bachelor or Master of Science degree in Computer Science and Engineering from a reputed...
PierianDx
True
None
20
Automation Test Engineer
Good Knowledge on Web Environment, Web Elements and Operations on the Web Elements 3+ y...
Isagebrum Technologies
Senior/Principal Software Development Engineer in Test
As a Sr Software Development Engineer in Test - AdServer, you will have the opportunity...
PubMatic
API Automation Testing
Strong creation / maintenance experience. . Should have a good understanding of relatio...
Radical Technologies
Automation Test Engineer
Experience in Web Application Testing, System Integration TestingWorking experience of ...
Radical Technologies
Automation Developer
The candidate should have very strong hands-on experience across various Test Automatio...
Veritas Technologies
Sr. Software Test Engineer
Experience in testing UI, the user experience of Android, iOS and web apps using manual...
Neuronimbus Software Services
Hiring Senior Automation Tester !
Lead the implementation of comprehensive testing tools and procedures to achieve maximu...
Matrimony com
Automation Tester
Maintaining suite of automated tests for Web and Mobile applications along with APPIUM ...
Kiya.ai
Senior Software Quality Assurance Automation Engineer
Define the test strategy for the rollout of our SaaS software platform Actively create ...
Wolters Kluwer
Automation Engineer - QA Lead
Produce all required test documentation to defined standardsExperience of the Insurance...
Metamorphosys
Automation Engineer - QA
Produce all required test documentation to defined standardsExperience of the Insurance...
Metamorphosys
Software Engineer-Test(Java+Automation)
Exhibit excellent team spirit and good in communicationYou must have Experience of 0 4 ...
Turing Softwares- A Unit Of Mettler Toledo India
Lead Software Engineer-Test(Java+Automation)
Qualification: BE / B.Tech / ME / M.Tech. You must have experience of 8 10 years. Must ...
Turing Softwares- A Unit Of Mettler Toledo India
Automation Test Engineer
Should be able to manage and set up automation test framework from scratch Minimum 3 ye...
Turing Softwares- A Unit Of Mettler Toledo India
Senior Consultant - Software Engineering
Graduate - bachelor s degree (any stream) . . . . . . . . . . . 2 years of experience o...
Principal Global Investors
Sr SQA Engineer (Manual, Automation)
Review requirements, specifications and technical design documents to identify test cas...
Veritas Technologies
System Software Engineer
Good hold on Test and Defect Management tools like Jira-Xray . . Good knowledge on docu...
M/s. Orange Business Services
SAP Business One Partner
Experience in System testing, integration testing, cross-browser testing, End to End an...
Cinntra
Test Automation Sr. Lead
Talent should have excellent communication skills should have lead experience Should ha...
Qualitest
True
None
20
Senior Software Quality Engineer
Work with the following technologies on a day-to-day basis Python Automation Bash scrip...
Red Hat
Manager, QA Automation Engineer
The Manager, QA Automation Engineer leverages experience and knowledge of QA practices,...
Graduate Management Education
Sr. Engineer- Python- Linux QA- automation test development in
As Test developer in ClickShare Embedded squads Collaborate with product managers, prod...
Aratis Consultants
QA Automation
Candidate must have 2 yrs minimum Mandatory experience on automation (Selenium with JAV...
Radical Technologies
QA Engineer
Build, extend and customize test automation tools, libraries and frameworks . . . . . ....
GiveIndia Foundation
Quality Assurance Analyst
Bachelor s degree preferred. . Must have a good understanding of the test development l...
Global Industrial
Quality Assurance Specialist (m/f/x)
As a member of our workflow team, whose goal is the maximum digitalization and automati...
Onevision Software (india)
QA
Mandatory - Good knowledge of Pega PRPC 7.x/8.x Experience in working with Pega as a he...
Finastra
Sr SQA Engineer - GUI Rational ROBOT Automation
R eview functional requirements and user stories from business partners come up with te...
Veritas Technologies
ETL Professional
. . . . . . . To perform functional testing manually. . Take responsibilities for the d...
Diverse Lynx
Automation engineer
Hands-on experience in designing and implementing large-scale Test Automation Framework...
Qualitest
Senior QA Specialist
Define test strategy and Scope of testing Create well documented New Feature and System...
PTC Software India
Senior Functional and API Test Automation Engineer
Proficient in designing and implementing test automation frameworks like selenium, Test...
Hanu Software Solutions Pvt Ltd
Automation Tester
Should have min 3yrs experience in Automation Testing . . . Hands on experience in desi...
V Group
Senior QA Automation Engineer
5 years of experience in automation testing ExperienceGood knowledge of test automation...
Bahwan CyberTek
QA Automation Engineer
Responsible for analyzing the functionality of applications and designing automated tes...
Bahwan CyberTek
Testing, validation and homologation
Testing, validation &amp;, managing vehicle testing &amp; homologation and support for successf...
Strategic Management India Consultants
Qa Tech Lead
6 to 8 years of exp and hands-on Web UI automated and manual testing experienceGood und...
Bharathire.com
Application Test Engineer
Test Engineer with 4-6 yrs of experience in Application testing on various platform(And...
Kiash Solution Llp
True
None
20
Qa Automation Lead
experience in designing and maintaining automation frameworks using keyword or hybrid a...
Sequretek It Solutions
Automation Test Engineer - Mumbai / Kolkata
Min 4-5 yrs exp in Automation (Selenium) Developing Automation Frameworks from scratch ...
PES Hr Services A Div Of Amal Infosystems
Remote Senior Software Engineer in Test
Looking for a Senior Software Engineer in Test, he will be responsible for evaluating s...
Perfect People Search
Automation Test Engineer (Selenium, Java) Mangalore location
6+ years of experience in both manual and automation testing 2. Must have hands-on expe...
Prime Infosoft
Software Test Engineer
• Solid knowledge of SQL and scripting • Strong knowledge of software QA methodologies,...
Collance Technologies
4+ Yrs exp with QA Manual + 1Yr in Automation
Position: QA with Manual with Automation Exp: 4+ Yrs Skills: QA Manual + Automation, 2-...
Shrikrishna Laxman Pohnerkar
Automation Tester
Having good knowledge on Selenium Have experience in Software Development Engineer in T...
Art Technology And Software
System Test Manager
BE/B.Tech/M. E/M. Tech or its Equivalent-Must. Min Relevant Experience: 8yrs Extensive ...
Excellent Opportunity Placements
Senior Software Test Engineer
Plan, design, execute and report software tests. Supervise a team of software testers.
Codeboard Technology
CMMI Level 5 company Hiring For Automation Tester in Kochi/ Trvndm Loc
Position - Automation Tester Experience - 5+ Yrs NP - Immediate to 30 Days Location - K...
Six Sigma Soft Solutions
Software Automation Testing Engineer
7+ years of experience in Automation Testing4+ years of experience in Python4+ years of...
Aspire Job Consultants
Selenium Automation Testing - Java
* Experience in Automation Testing using Selenium with Java * Experience in cucumber fr...
Inncon
Automation Test Engineer
-&gt; Hands on experience in Selenium and automation tools. -&gt; Work Experience in Ecommerc...
TrackDfect Technologies
Python Automation Engineer
Must have experience in selenium with python , min. 2 to 4 yrs, Must have knowledge abo...
Talent Corner HR Services Pvt Ltd
TL- QA/Testing -Java, selenium ,Automation, UNIX , shell scripting
Strong open shift knowledge Hands on experience in Java programing and automation Work ...
Mindstech Recruitment
Uegent Vacancies For Software Tester ( Automation ) - MNC Bank - Pune
Exp - 4-10 years Client - MNC Bank Skills- • Software Testing • Automation Testing • Cu...
Novel Financial Solutions
Web Application Tester
• Experience in System requirement analysis, Test Environment setting, Test case Design...
Skygate Consulting
Python Developer
Min 3 years of experience in the automation tool Selenium &amp;Python coding &amp; scripting. D...
Infiwave Solutions
Specialist-Quality Engineering (Robotic, Python, SQL)
Exp. in Quality Eng. (ROBOT FWK, Python &amp; SQL). Robot FWK Automation Tools OR Any other...
Changeleaders Consulting
True
None
4
Automation Tester - Balewadi, Pune - Product Development
3+ years in Automation Testing, Hands on API testing, Hands on Selenium, Hands on Java,
Genesis Hr Services
Senior, Lead Automation Test Engineer
Immediate joiners preferred /1Month notice period 3+ years core development experience ...
Hire Freeze Manpower Solution
QA Automation Engineer
•Extend Product specific libraries and Test Automation Framework to support the rapid d...
SPM Hr Solutions
True
true</msg>
<msg timestamp="20230207 21:04:14.460" level="INFO">${filename} = NaukriData_2023-02-07_21.04.14.334557.xlsx</msg>
<status status="PASS" starttime="20230207 20:57:43.445" endtime="20230207 21:04:14.460"/>
</kw>
<kw name="Set Global Variable" library="BuiltIn">
<arg>${filename}</arg>
<doc>Makes a variable available globally in all tests and suites.</doc>
<msg timestamp="20230207 21:04:14.460" level="INFO">${filename} = NaukriData_2023-02-07_21.04.14.334557.xlsx</msg>
<status status="PASS" starttime="20230207 21:04:14.460" endtime="20230207 21:04:14.460"/>
</kw>
<kw name="Log To Console" library="BuiltIn">
<arg>${filename}</arg>
<doc>Logs the given message to the console.</doc>
<status status="PASS" starttime="20230207 21:04:14.460" endtime="20230207 21:04:14.460"/>
</kw>
<status status="PASS" starttime="20230207 20:57:43.445" endtime="20230207 21:04:14.460"/>
</branch>
<status status="PASS" starttime="20230207 20:57:43.444" endtime="20230207 21:04:14.460"/>
</if>
<status status="PASS" starttime="20230207 20:57:27.384" endtime="20230207 21:04:14.460"/>
</test>
<status status="PASS" starttime="20230207 20:57:26.788" endtime="20230207 21:04:14.468"/>
</suite>
<statistics>
<total>
<stat pass="1" fail="0" skip="0">All Tests</stat>
</total>
<tag>
</tag>
<suite>
<stat pass="1" fail="0" skip="0" id="s1" name="NaukriRobot">NaukriRobot</stat>
</suite>
</statistics>
<errors>
</errors>
</robot>
